This is pdfTeX, Version 3.14159265-2.6-1.40.18 (MiKTeX 2.9.6350 64-bit) (preloaded format=pdflatex 2017.9.3)  12 OCT 2018 21:57
entering extended mode
**C:/Users/Conma/Documents/ImageProcessing/HW04/Report/mccurleyHW04.tex
(C:/Users/Conma/Documents/ImageProcessing/HW04/Report/mccurleyHW04.tex
LaTeX2e <2017-04-15>
Babel <3.10> and hyphenation patterns for 75 language(s) loaded.
("C:\Program Files\MiKTeX 2.9\tex\latex\base\article.cls"
Document Class: article 2014/09/29 v1.4h Standard LaTeX document class
("C:\Program Files\MiKTeX 2.9\tex\latex\base\size10.clo"
File: size10.clo 2014/09/29 v1.4h Standard LaTeX file (size option)
)
\c@part=\count79
\c@section=\count80
\c@subsection=\count81
\c@subsubsection=\count82
\c@paragraph=\count83
\c@subparagraph=\count84
\c@figure=\count85
\c@table=\count86
\abovecaptionskip=\skip41
\belowcaptionskip=\skip42
\bibindent=\dimen102
)
("C:\Program Files\MiKTeX 2.9\tex\latex\amsfonts\amssymb.sty"
Package: amssymb 2013/01/14 v3.01 AMS font symbols

("C:\Program Files\MiKTeX 2.9\tex\latex\amsfonts\amsfonts.sty"
Package: amsfonts 2013/01/14 v3.01 Basic AMSFonts support
\@emptytoks=\toks14
\symAMSa=\mathgroup4
\symAMSb=\mathgroup5
LaTeX Font Info:    Overwriting math alphabet `\mathfrak' in version `bold'
(Font)                  U/euf/m/n --> U/euf/b/n on input line 106.
))
("C:\Program Files\MiKTeX 2.9\tex\latex\amscls\amsthm.sty"
Package: amsthm 2015/03/04 v2.20.2
\thm@style=\toks15
\thm@bodyfont=\toks16
\thm@headfont=\toks17
\thm@notefont=\toks18
\thm@headpunct=\toks19
\thm@preskip=\skip43
\thm@postskip=\skip44
\thm@headsep=\skip45
\dth@everypar=\toks20
)
("C:\Program Files\MiKTeX 2.9\tex\latex\amsmath\amsmath.sty"
Package: amsmath 2016/11/05 v2.16a AMS math features
\@mathmargin=\skip46

For additional information on amsmath, use the `?' option.
("C:\Program Files\MiKTeX 2.9\tex\latex\amsmath\amstext.sty"
Package: amstext 2000/06/29 v2.01 AMS text

("C:\Program Files\MiKTeX 2.9\tex\latex\amsmath\amsgen.sty"
File: amsgen.sty 1999/11/30 v2.0 generic functions
\@emptytoks=\toks21
\ex@=\dimen103
))
("C:\Program Files\MiKTeX 2.9\tex\latex\amsmath\amsbsy.sty"
Package: amsbsy 1999/11/29 v1.2d Bold Symbols
\pmbraise@=\dimen104
)
("C:\Program Files\MiKTeX 2.9\tex\latex\amsmath\amsopn.sty"
Package: amsopn 2016/03/08 v2.02 operator names
)
\inf@bad=\count87
LaTeX Info: Redefining \frac on input line 213.
\uproot@=\count88
\leftroot@=\count89
LaTeX Info: Redefining \overline on input line 375.
\classnum@=\count90
\DOTSCASE@=\count91
LaTeX Info: Redefining \ldots on input line 472.
LaTeX Info: Redefining \dots on input line 475.
LaTeX Info: Redefining \cdots on input line 596.
\Mathstrutbox@=\box26
\strutbox@=\box27
\big@size=\dimen105
LaTeX Font Info:    Redeclaring font encoding OML on input line 712.
LaTeX Font Info:    Redeclaring font encoding OMS on input line 713.
\macc@depth=\count92
\c@MaxMatrixCols=\count93
\dotsspace@=\muskip10
\c@parentequation=\count94
\dspbrk@lvl=\count95
\tag@help=\toks22
\row@=\count96
\column@=\count97
\maxfields@=\count98
\andhelp@=\toks23
\eqnshift@=\dimen106
\alignsep@=\dimen107
\tagshift@=\dimen108
\tagwidth@=\dimen109
\totwidth@=\dimen110
\lineht@=\dimen111
\@envbody=\toks24
\multlinegap=\skip47
\multlinetaggap=\skip48
\mathdisplay@stack=\toks25
LaTeX Info: Redefining \[ on input line 2817.
LaTeX Info: Redefining \] on input line 2818.
)
(C:\Users\Conma\AppData\Roaming\MiKTeX\2.9\tex\latex\appendix\appendix.sty
Package: appendix 2009/09/02 v1.2b extra appendix facilities
\c@@pps=\count99
\c@@ppsavesec=\count100
\c@@ppsaveapp=\count101
)
("C:\Program Files\MiKTeX 2.9\tex\latex\tools\array.sty"
Package: array 2016/10/06 v2.4d Tabular extension package (FMi)
\col@sep=\dimen112
\extrarowheight=\dimen113
\NC@list=\toks26
\extratabsurround=\skip49
\backup@length=\skip50
)
("C:\Program Files\MiKTeX 2.9\tex\latex\geometry\geometry.sty"
Package: geometry 2010/09/12 v5.6 Page Geometry

("C:\Program Files\MiKTeX 2.9\tex\latex\graphics\keyval.sty"
Package: keyval 2014/10/28 v1.15 key=value parser (DPC)
\KV@toks@=\toks27
)
("C:\Program Files\MiKTeX 2.9\tex\generic\oberdiek\ifpdf.sty"
Package: ifpdf 2017/03/15 v3.2 Provides the ifpdf switch
)
("C:\Program Files\MiKTeX 2.9\tex\generic\oberdiek\ifvtex.sty"
Package: ifvtex 2016/05/16 v1.6 Detect VTeX and its facilities (HO)
Package ifvtex Info: VTeX not detected.
)
("C:\Program Files\MiKTeX 2.9\tex\generic\ifxetex\ifxetex.sty"
Package: ifxetex 2010/09/12 v0.6 Provides ifxetex conditional
)
\Gm@cnth=\count102
\Gm@cntv=\count103
\c@Gm@tempcnt=\count104
\Gm@bindingoffset=\dimen114
\Gm@wd@mp=\dimen115
\Gm@odd@mp=\dimen116
\Gm@even@mp=\dimen117
\Gm@layoutwidth=\dimen118
\Gm@layoutheight=\dimen119
\Gm@layouthoffset=\dimen120
\Gm@layoutvoffset=\dimen121
\Gm@dimlist=\toks28

("C:\Program Files\MiKTeX 2.9\tex\latex\geometry\geometry.cfg"))
(C:\Users\Conma\AppData\Roaming\MiKTeX\2.9\tex\latex\enumitem\enumitem.sty
Package: enumitem 2011/09/28 v3.5.2 Customized lists
\labelindent=\skip51
\enit@outerparindent=\dimen122
\enit@toks=\toks29
\enit@inbox=\box28
\enitdp@description=\count105
)
("C:\Program Files\MiKTeX 2.9\tex\latex\graphics\graphicx.sty"
Package: graphicx 2014/10/28 v1.0g Enhanced LaTeX Graphics (DPC,SPQR)

("C:\Program Files\MiKTeX 2.9\tex\latex\graphics\graphics.sty"
Package: graphics 2017/04/14 v1.1b Standard LaTeX Graphics (DPC,SPQR)

("C:\Program Files\MiKTeX 2.9\tex\latex\graphics\trig.sty"
Package: trig 2016/01/03 v1.10 sin cos tan (DPC)
)
("C:\Program Files\MiKTeX 2.9\tex\latex\graphics-cfg\graphics.cfg"
File: graphics.cfg 2016/06/04 v1.11 sample graphics configuration
)
Package graphics Info: Driver file: pdftex.def on input line 99.

("C:\Program Files\MiKTeX 2.9\tex\latex\graphics-def\pdftex.def"
File: pdftex.def 2017/01/12 v0.06k Graphics/color for pdfTeX

("C:\Program Files\MiKTeX 2.9\tex\generic\oberdiek\infwarerr.sty"
Package: infwarerr 2016/05/16 v1.4 Providing info/warning/error messages (HO)
)
("C:\Program Files\MiKTeX 2.9\tex\generic\oberdiek\ltxcmds.sty"
Package: ltxcmds 2016/05/16 v1.23 LaTeX kernel commands for general use (HO)
)
\Gread@gobject=\count106
))
\Gin@req@height=\dimen123
\Gin@req@width=\dimen124
)
(C:\Users\Conma\AppData\Roaming\MiKTeX\2.9\tex\latex\subfig\subfig.sty
Package: subfig 2005/06/28 ver: 1.3 subfig package

(C:\Users\Conma\AppData\Roaming\MiKTeX\2.9\tex\latex\caption\caption.sty
Package: caption 2016/02/21 v3.3-144 Customizing captions (AR)

(C:\Users\Conma\AppData\Roaming\MiKTeX\2.9\tex\latex\caption\caption3.sty
Package: caption3 2016/05/22 v1.7-166 caption3 kernel (AR)
Package caption3 Info: TeX engine: e-TeX on input line 67.
\captionmargin=\dimen125
\captionmargin@=\dimen126
\captionwidth=\dimen127
\caption@tempdima=\dimen128
\caption@indent=\dimen129
\caption@parindent=\dimen130
\caption@hangindent=\dimen131
)
\c@ContinuedFloat=\count107
)
\c@KVtest=\count108
\sf@farskip=\skip52
\sf@captopadj=\dimen132
\sf@capskip=\skip53
\sf@nearskip=\skip54
\c@subfigure=\count109
\c@subfigure@save=\count110
\c@lofdepth=\count111
\c@subtable=\count112
\c@subtable@save=\count113
\c@lotdepth=\count114
\sf@top=\skip55
\sf@bottom=\skip56
)
(C:\Users\Conma\AppData\Roaming\MiKTeX\2.9\tex\latex\url\url.sty
\Urlmuskip=\muskip11
Package: url 2013/09/16  ver 3.4  Verb mode for urls, etc.
)
("C:\Program Files\MiKTeX 2.9\tex\latex\float\float.sty"
Package: float 2001/11/08 v1.3d Float enhancements (AL)
\c@float@type=\count115
\float@exts=\toks30
\float@box=\box29
\@float@everytoks=\toks31
\@floatcapt=\box30
)
(C:\Users\Conma\AppData\Roaming\MiKTeX\2.9\tex\latex\pdfpages\pdfpages.sty
Package: pdfpages 2017/08/14 v0.5k Insert pages of external PDF documents (AM)

("C:\Program Files\MiKTeX 2.9\tex\latex\base\ifthen.sty"
Package: ifthen 2014/09/29 v1.1c Standard LaTeX ifthen package (DPC)
)
("C:\Program Files\MiKTeX 2.9\tex\latex\tools\calc.sty"
Package: calc 2014/10/28 v4.3 Infix arithmetic (KKT,FJ)
\calc@Acount=\count116
\calc@Bcount=\count117
\calc@Adimen=\dimen133
\calc@Bdimen=\dimen134
\calc@Askip=\skip57
\calc@Bskip=\skip58
LaTeX Info: Redefining \setlength on input line 80.
LaTeX Info: Redefining \addtolength on input line 81.
\calc@Ccount=\count118
\calc@Cskip=\skip59
)
(C:\Users\Conma\AppData\Roaming\MiKTeX\2.9\tex\latex\eso-pic\eso-pic.sty
Package: eso-pic 2015/07/21 v2.0g eso-pic (RN)

("C:\Program Files\MiKTeX 2.9\tex\generic\oberdiek\atbegshi.sty"
Package: atbegshi 2016/06/09 v1.18 At begin shipout hook (HO)
)
(C:\Users\Conma\AppData\Roaming\MiKTeX\2.9\tex\latex\xcolor\xcolor.sty
Package: xcolor 2016/05/11 v2.12 LaTeX color extensions (UK)

("C:\Program Files\MiKTeX 2.9\tex\latex\graphics-cfg\color.cfg"
File: color.cfg 2016/01/02 v1.6 sample color configuration
)
Package xcolor Info: Driver file: pdftex.def on input line 225.
Package xcolor Info: Model `cmy' substituted by `cmy0' on input line 1348.
Package xcolor Info: Model `hsb' substituted by `rgb' on input line 1352.
Package xcolor Info: Model `RGB' extended on input line 1364.
Package xcolor Info: Model `HTML' substituted by `rgb' on input line 1366.
Package xcolor Info: Model `Hsb' substituted by `hsb' on input line 1367.
Package xcolor Info: Model `tHsb' substituted by `hsb' on input line 1368.
Package xcolor Info: Model `HSB' substituted by `hsb' on input line 1369.
Package xcolor Info: Model `Gray' substituted by `gray' on input line 1370.
Package xcolor Info: Model `wave' substituted by `hsb' on input line 1371.
))
\AM@pagewidth=\dimen135
\AM@pageheight=\dimen136

(C:\Users\Conma\AppData\Roaming\MiKTeX\2.9\tex\latex\pdfpages\pppdftex.def
File: pppdftex.def 2017/08/14 v0.5k Pdfpages driver for pdfTeX (AM)
)
\AM@pagebox=\box31
\AM@global@opts=\toks32
\AM@toc@title=\toks33
\c@AM@survey=\count119
\AM@templatesizebox=\box32
)
("C:\Program Files\MiKTeX 2.9\tex\latex\base\shortvrb.sty"
Package: shortvrb 2016/02/15 v2.1g Standard LaTeX documentation package (FMi)
)
(C:\Users\Conma\AppData\Roaming\MiKTeX\2.9\tex\latex\mathtools\mathtools.sty
Package: mathtools 2017/05/24 v1.19 mathematical typesetting tools

(C:\Users\Conma\AppData\Roaming\MiKTeX\2.9\tex\latex\mathtools\mhsetup.sty
Package: mhsetup 2017/03/31 v1.3 programming setup (MH)
)
LaTeX Info: Thecontrolsequence`\('isalreadyrobust on input line 129.
LaTeX Info: Thecontrolsequence`\)'isalreadyrobust on input line 129.
LaTeX Info: Thecontrolsequence`\['isalreadyrobust on input line 129.
LaTeX Info: Thecontrolsequence`\]'isalreadyrobust on input line 129.
\g_MT_multlinerow_int=\count120
\l_MT_multwidth_dim=\dimen137
\origjot=\skip60
\l_MT_shortvdotswithinadjustabove_dim=\dimen138
\l_MT_shortvdotswithinadjustbelow_dim=\dimen139
\l_MT_above_intertext_sep=\dimen140
\l_MT_below_intertext_sep=\dimen141
\l_MT_above_shortintertext_sep=\dimen142
\l_MT_below_shortintertext_sep=\dimen143
)
("C:\Program Files\MiKTeX 2.9\tex\latex\multirow\multirow.sty"
Package: multirow 2016/11/25 v2.2 Span multiple rows of a table
\multirow@colwidth=\skip61
\multirow@cntb=\count121
\multirow@dima=\skip62
\bigstrutjot=\dimen144
)
("C:\Program Files\MiKTeX 2.9\tex\latex\hyperref\hyperref.sty"
Package: hyperref 2017/03/14 v6.85a Hypertext links for LaTeX

("C:\Program Files\MiKTeX 2.9\tex\generic\oberdiek\hobsub-hyperref.sty"
Package: hobsub-hyperref 2016/05/16 v1.14 Bundle oberdiek, subset hyperref (HO)


("C:\Program Files\MiKTeX 2.9\tex\generic\oberdiek\hobsub-generic.sty"
Package: hobsub-generic 2016/05/16 v1.14 Bundle oberdiek, subset generic (HO)
Package: hobsub 2016/05/16 v1.14 Construct package bundles (HO)
Package hobsub Info: Skipping package `infwarerr' (already loaded).
Package hobsub Info: Skipping package `ltxcmds' (already loaded).
Package: ifluatex 2016/05/16 v1.4 Provides the ifluatex switch (HO)
Package ifluatex Info: LuaTeX not detected.
Package hobsub Info: Skipping package `ifvtex' (already loaded).
Package: intcalc 2016/05/16 v1.2 Expandable calculations with integers (HO)
Package hobsub Info: Skipping package `ifpdf' (already loaded).
Package: etexcmds 2016/05/16 v1.6 Avoid name clashes with e-TeX commands (HO)
Package etexcmds Info: Could not find \expanded.
(etexcmds)             That can mean that you are not using pdfTeX 1.50 or
(etexcmds)             that some package has redefined \expanded.
(etexcmds)             In the latter case, load this package earlier.
Package: kvsetkeys 2016/05/16 v1.17 Key value parser (HO)
Package: kvdefinekeys 2016/05/16 v1.4 Define keys (HO)
Package: pdftexcmds 2017/03/19 v0.25 Utility functions of pdfTeX for LuaTeX (HO
)
Package pdftexcmds Info: LuaTeX not detected.
Package pdftexcmds Info: \pdf@primitive is available.
Package pdftexcmds Info: \pdf@ifprimitive is available.
Package pdftexcmds Info: \pdfdraftmode found.
Package: pdfescape 2016/05/16 v1.14 Implements pdfTeX's escape features (HO)
Package: bigintcalc 2016/05/16 v1.4 Expandable calculations on big integers (HO
)
Package: bitset 2016/05/16 v1.2 Handle bit-vector datatype (HO)
Package: uniquecounter 2016/05/16 v1.3 Provide unlimited unique counter (HO)
)
Package hobsub Info: Skipping package `hobsub' (already loaded).
Package: letltxmacro 2016/05/16 v1.5 Let assignment for LaTeX macros (HO)
Package: hopatch 2016/05/16 v1.3 Wrapper for package hooks (HO)
Package: xcolor-patch 2016/05/16 xcolor patch
Package: atveryend 2016/05/16 v1.9 Hooks at the very end of document (HO)
Package atveryend Info: \enddocument detected (standard20110627).
Package hobsub Info: Skipping package `atbegshi' (already loaded).
Package: refcount 2016/05/16 v3.5 Data extraction from label references (HO)
Package: hycolor 2016/05/16 v1.8 Color options for hyperref/bookmark (HO)
)
("C:\Program Files\MiKTeX 2.9\tex\latex\oberdiek\auxhook.sty"
Package: auxhook 2016/05/16 v1.4 Hooks for auxiliary files (HO)
)
("C:\Program Files\MiKTeX 2.9\tex\latex\oberdiek\kvoptions.sty"
Package: kvoptions 2016/05/16 v3.12 Key value format for package options (HO)
)
\@linkdim=\dimen145
\Hy@linkcounter=\count122
\Hy@pagecounter=\count123

("C:\Program Files\MiKTeX 2.9\tex\latex\hyperref\pd1enc.def"
File: pd1enc.def 2017/03/14 v6.85a Hyperref: PDFDocEncoding definition (HO)
)
\Hy@SavedSpaceFactor=\count124

("C:\Program Files\MiKTeX 2.9\tex\latex\00miktex\hyperref.cfg"
File: hyperref.cfg 2002/06/06 v1.2 hyperref configuration of TeXLive
)
Package hyperref Info: Hyper figures OFF on input line 4498.
Package hyperref Info: Link nesting OFF on input line 4503.
Package hyperref Info: Hyper index ON on input line 4506.
Package hyperref Info: Plain pages OFF on input line 4513.
Package hyperref Info: Backreferencing OFF on input line 4518.
Package hyperref Info: Implicit mode ON; LaTeX internals redefined.
Package hyperref Info: Bookmarks ON on input line 4751.
\c@Hy@tempcnt=\count125
LaTeX Info: Redefining \url on input line 5104.
\XeTeXLinkMargin=\dimen146
\Fld@menulength=\count126
\Field@Width=\dimen147
\Fld@charsize=\dimen148
Package hyperref Info: Hyper figures OFF on input line 6358.
Package hyperref Info: Link nesting OFF on input line 6363.
Package hyperref Info: Hyper index ON on input line 6366.
Package hyperref Info: backreferencing OFF on input line 6373.
Package hyperref Info: Link coloring OFF on input line 6378.
Package hyperref Info: Link coloring with OCG OFF on input line 6383.
Package hyperref Info: PDF/A mode OFF on input line 6388.
LaTeX Info: Redefining \ref on input line 6428.
LaTeX Info: Redefining \pageref on input line 6432.
\Hy@abspage=\count127
\c@Item=\count128
\c@Hfootnote=\count129
)

Package hyperref Message: Driver (autodetected): hpdftex.

("C:\Program Files\MiKTeX 2.9\tex\latex\hyperref\hpdftex.def"
File: hpdftex.def 2017/03/14 v6.85a Hyperref driver for pdfTeX
\Fld@listcount=\count130
\c@bookmark@seq@number=\count131

("C:\Program Files\MiKTeX 2.9\tex\latex\oberdiek\rerunfilecheck.sty"
Package: rerunfilecheck 2016/05/16 v1.8 Rerun checks for auxiliary files (HO)
Package uniquecounter Info: New unique counter `rerunfilecheck' on input line 2
82.
)
\Hy@SectionHShift=\skip63
)
(C:\Users\Conma\AppData\Roaming\MiKTeX\2.9\tex\latex\algorithms\algorithm.sty
Package: algorithm 2009/08/24 v0.1 Document Style `algorithm' - floating enviro
nment
\@float@every@algorithm=\toks34
\c@algorithm=\count132
)
(C:\Users\Conma\AppData\Roaming\MiKTeX\2.9\tex\latex\algorithmicx\algpseudocode
.sty
Package: algpseudocode 

(C:\Users\Conma\AppData\Roaming\MiKTeX\2.9\tex\latex\algorithmicx\algorithmicx.
sty
Package: algorithmicx 2005/04/27 v1.2 Algorithmicx

Document Style algorithmicx 1.2 - a greatly improved `algorithmic' style
\c@ALG@line=\count133
\c@ALG@rem=\count134
\c@ALG@nested=\count135
\ALG@tlm=\skip64
\ALG@thistlm=\skip65
\c@ALG@Lnr=\count136
\c@ALG@blocknr=\count137
\c@ALG@storecount=\count138
\c@ALG@tmpcounter=\count139
\ALG@tmplength=\skip66
)
Document Style - pseudocode environments for use with the `algorithmicx' style
) ("C:\Program Files\MiKTeX 2.9\tex\latex\tools\bm.sty"
Package: bm 2017/01/16 v1.2c Bold Symbol Support (DPC/FMi)
\symboldoperators=\mathgroup6
\symboldletters=\mathgroup7
\symboldsymbols=\mathgroup8
LaTeX Font Info:    Redeclaring math alphabet \mathbf on input line 141.
LaTeX Info: Redefining \bm on input line 207.
) (mccurleyHW04.aux

LaTeX Warning: Label `pc' multiply defined.

)
\openout1 = `mccurleyHW04.aux'.

LaTeX Font Info:    Checking defaults for OML/cmm/m/it on input line 35.
LaTeX Font Info:    ... okay on input line 35.
LaTeX Font Info:    Checking defaults for T1/cmr/m/n on input line 35.
LaTeX Font Info:    ... okay on input line 35.
LaTeX Font Info:    Checking defaults for OT1/cmr/m/n on input line 35.
LaTeX Font Info:    ... okay on input line 35.
LaTeX Font Info:    Checking defaults for OMS/cmsy/m/n on input line 35.
LaTeX Font Info:    ... okay on input line 35.
LaTeX Font Info:    Checking defaults for OMX/cmex/m/n on input line 35.
LaTeX Font Info:    ... okay on input line 35.
LaTeX Font Info:    Checking defaults for U/cmr/m/n on input line 35.
LaTeX Font Info:    ... okay on input line 35.
LaTeX Font Info:    Checking defaults for PD1/pdf/m/n on input line 35.
LaTeX Font Info:    ... okay on input line 35.

*geometry* driver: auto-detecting
*geometry* detected driver: pdftex
*geometry* verbose mode - [ preamble ] result:
* driver: pdftex
* paper: <default>
* layout: <same size as paper>
* layoutoffset:(h,v)=(0.0pt,0.0pt)
* modes: 
* h-part:(L,W,R)=(72.26999pt, 469.75502pt, 72.26999pt)
* v-part:(T,H,B)=(72.26999pt, 650.43001pt, 72.26999pt)
* \paperwidth=614.295pt
* \paperheight=794.96999pt
* \textwidth=469.75502pt
* \textheight=650.43001pt
* \oddsidemargin=0.0pt
* \evensidemargin=0.0pt
* \topmargin=-37.0pt
* \headheight=12.0pt
* \headsep=25.0pt
* \topskip=10.0pt
* \footskip=30.0pt
* \marginparwidth=65.0pt
* \marginparsep=11.0pt
* \columnsep=10.0pt
* \skip\footins=9.0pt plus 4.0pt minus 2.0pt
* \hoffset=0.0pt
* \voffset=0.0pt
* \mag=1000
* \@twocolumnfalse
* \@twosidefalse
* \@mparswitchfalse
* \@reversemarginfalse
* (1in=72.27pt=25.4mm, 1cm=28.453pt)

(C:\Users\Conma\AppData\Roaming\MiKTeX\2.9\tex\context\base\supp-pdf.mkii
[Loading MPS to PDF converter (version 2006.09.02).]
\scratchcounter=\count140
\scratchdimen=\dimen149
\scratchbox=\box33
\nofMPsegments=\count141
\nofMParguments=\count142
\everyMPshowfont=\toks35
\MPscratchCnt=\count143
\MPscratchDim=\dimen150
\MPnumerator=\count144
\makeMPintoPDFobject=\count145
\everyMPtoPDFconversion=\toks36
) ("C:\Program Files\MiKTeX 2.9\tex\latex\oberdiek\epstopdf-base.sty"
Package: epstopdf-base 2016/05/15 v2.6 Base part for package epstopdf

("C:\Program Files\MiKTeX 2.9\tex\latex\oberdiek\grfext.sty"
Package: grfext 2016/05/16 v1.2 Manage graphics extensions (HO)
)
Package epstopdf-base Info: Redefining graphics rule for `.eps' on input line 4
38.
Package grfext Info: Graphics extension search list:
(grfext)             [.png,.pdf,.jpg,.mps,.jpeg,.jbig2,.jb2,.PNG,.PDF,.JPG,.JPE
G,.JBIG2,.JB2,.eps]
(grfext)             \AppendGraphicsExtensions on input line 456.
)
Package caption Info: Begin \AtBeginDocument code.
Package caption Info: subfig package v1.3 is loaded.
Package caption Info: float package is loaded.
Package caption Info: hyperref package is loaded.
Package caption Info: End \AtBeginDocument code.
\AtBeginShipoutBox=\box34

("C:\Program Files\MiKTeX 2.9\tex\latex\oberdiek\pdflscape.sty"
Package: pdflscape 2016/05/14 v0.11 Display of landscape pages in PDF (HO)

("C:\Program Files\MiKTeX 2.9\tex\latex\graphics\lscape.sty"
Package: lscape 2000/10/22 v3.01 Landscape Pages (DPC)
)
Package pdflscape Info: Auto-detected driver: pdftex on input line 81.
)
Package hyperref Info: Link coloring OFF on input line 35.

("C:\Program Files\MiKTeX 2.9\tex\latex\hyperref\nameref.sty"
Package: nameref 2016/05/21 v2.44 Cross-referencing by name of section

("C:\Program Files\MiKTeX 2.9\tex\generic\oberdiek\gettitlestring.sty"
Package: gettitlestring 2016/05/16 v1.5 Cleanup title references (HO)
)
\c@section@level=\count146
)
LaTeX Info: Redefining \ref on input line 35.
LaTeX Info: Redefining \pageref on input line 35.
LaTeX Info: Redefining \nameref on input line 35.

(mccurleyHW04.out) (mccurleyHW04.out)
\@outlinefile=\write3
\openout3 = `mccurleyHW04.out'.


<"C:/Users/Conma/Documents/ImageProcessing/HW04/Report/Images/""DFT".jpg, id=3,
 460.72125pt x 323.70938pt>
File: "C:/Users/Conma/Documents/ImageProcessing/HW04/Report/Images/""DFT".jpg G
raphic file (type jpg)

<use "C:/Users/Conma/Documents/ImageProcessing/HW04/Report/Images/""DFT".jpg>
Package pdftex.def Info: "C:/Users/Conma/Documents/ImageProcessing/HW04/Report/
Images/""DFT".jpg used on input line 53.
(pdftex.def)             Requested size: 298.75394pt x 209.90479pt.

<"C:/Users/Conma/Documents/ImageProcessing/HW04/Report/Images/""FFT".png, id=4,
 469.00218pt x 264.23718pt>
File: "C:/Users/Conma/Documents/ImageProcessing/HW04/Report/Images/""FFT".png G
raphic file (type png)

<use "C:/Users/Conma/Documents/ImageProcessing/HW04/Report/Images/""FFT".png>
Package pdftex.def Info: "C:/Users/Conma/Documents/ImageProcessing/HW04/Report/
Images/""FFT".png used on input line 57.
(pdftex.def)             Requested size: 298.75394pt x 168.31693pt.

<"C:/Users/Conma/Documents/ImageProcessing/HW04/Report/Images/""AltDFT".jpg, id
=6, 2384.91pt x 1960.32375pt>
File: "C:/Users/Conma/Documents/ImageProcessing/HW04/Report/Images/""AltDFT".jp
g Graphic file (type jpg)

<use "C:/Users/Conma/Documents/ImageProcessing/HW04/Report/Images/""AltDFT".jpg
>
Package pdftex.def Info: "C:/Users/Conma/Documents/ImageProcessing/HW04/Report/
Images/""AltDFT".jpg used on input line 69.
(pdftex.def)             Requested size: 184.9429pt x 152.01326pt.

<"C:/Users/Conma/Documents/ImageProcessing/HW04/Report/Images/""AlternateFFT".p
ng, id=7, 476.53032pt x 578.16pt>
File: "C:/Users/Conma/Documents/ImageProcessing/HW04/Report/Images/""AlternateF
FT".png Graphic file (type png)

<use "C:/Users/Conma/Documents/ImageProcessing/HW04/Report/Images/""AlternateFF
T".png>
Package pdftex.def Info: "C:/Users/Conma/Documents/ImageProcessing/HW04/Report/
Images/""AlternateFFT".png used on input line 73.
(pdftex.def)             Requested size: 298.75394pt x 362.48715pt.
LaTeX Font Info:    Try loading font information for U+msa on input line 74.
 ("C:\Program Files\MiKTeX 2.9\tex\latex\amsfonts\umsa.fd"
File: umsa.fd 2013/01/14 v3.01 AMS symbols A
)
LaTeX Font Info:    Try loading font information for U+msb on input line 74.

("C:\Program Files\MiKTeX 2.9\tex\latex\amsfonts\umsb.fd"
File: umsb.fd 2013/01/14 v3.01 AMS symbols B
) [1

{C:/ProgramData/MiKTeX/2.9/pdftex/config/pdftex.map} <C:/Users/Conma/Documents/
ImageProcessing/HW04/Report/Images/DFT.jpg> <C:/Users/Conma/Documents/ImageProc
essing/HW04/Report/Images/FFT.png>] [2 <C:/Users/Conma/Documents/ImageProcessin
g/HW04/Report/Images/AltDFT.jpg> <C:/Users/Conma/Documents/ImageProcessing/HW04
/Report/Images/AlternateFFT.png>] <Images/interference.png, id=34, 421.575pt x 
316.18124pt>
File: Images/interference.png Graphic file (type png)

<use Images/interference.png>
Package pdftex.def Info: Images/interference.png used on input line 99.
(pdftex.def)             Requested size: 234.8775pt x 176.1581pt.

<Images/dftNoisy.png, id=35, 421.575pt x 316.18124pt>
File: Images/dftNoisy.png Graphic file (type png)

<use Images/dftNoisy.png>
Package pdftex.def Info: Images/dftNoisy.png used on input line 107.
(pdftex.def)             Requested size: 234.8775pt x 176.1581pt.
 [3 <./Images/interference.png (PNG copy)>]
<Images/kernel.png, id=47, 421.575pt x 316.18124pt>
File: Images/kernel.png Graphic file (type png)
 <use Images/kernel.png>
Package pdftex.def Info: Images/kernel.png used on input line 115.
(pdftex.def)             Requested size: 234.8775pt x 176.1581pt.

<Images/dftClean.png, id=48, 421.575pt x 316.18124pt>
File: Images/dftClean.png Graphic file (type png)

<use Images/dftClean.png>
Package pdftex.def Info: Images/dftClean.png used on input line 123.
(pdftex.def)             Requested size: 234.8775pt x 176.1581pt.
 [4 <./Images/dftNoisy.png (PNG copy)> <./Images/kernel.png (PNG copy)>] <Image
s/denoised.png, id=58, 421.575pt x 316.18124pt>
File: Images/denoised.png Graphic file (type png)

<use Images/denoised.png>
Package pdftex.def Info: Images/denoised.png used on input line 131.
(pdftex.def)             Requested size: 234.8775pt x 176.1581pt.

<"C:/Users/Conma/Documents/ImageProcessing/HW04/Report/Images/"flowers.png, id=
61, 421.575pt x 316.18124pt>
File: "C:/Users/Conma/Documents/ImageProcessing/HW04/Report/Images/"flowers.png
 Graphic file (type png)

<use "C:/Users/Conma/Documents/ImageProcessing/HW04/Report/Images/"flowers.png>
Package pdftex.def Info: "C:/Users/Conma/Documents/ImageProcessing/HW04/Report/
Images/"flowers.png used on input line 144.
(pdftex.def)             Requested size: 199.16928pt x 149.37712pt.

<"C:/Users/Conma/Documents/ImageProcessing/HW04/Report/Images/"pcFlowers.png, i
d=62, 421.575pt x 316.18124pt>
File: "C:/Users/Conma/Documents/ImageProcessing/HW04/Report/Images/"pcFlowers.p
ng Graphic file (type png)

<use "C:/Users/Conma/Documents/ImageProcessing/HW04/Report/Images/"pcFlowers.pn
g>
Package pdftex.def Info: "C:/Users/Conma/Documents/ImageProcessing/HW04/Report/
Images/"pcFlowers.png used on input line 147.
(pdftex.def)             Requested size: 199.16928pt x 149.37712pt.

<"C:/Users/Conma/Documents/ImageProcessing/HW04/Report/Images/"swan.png, id=63,
 421.575pt x 316.18124pt>
File: "C:/Users/Conma/Documents/ImageProcessing/HW04/Report/Images/"swan.png Gr
aphic file (type png)

<use "C:/Users/Conma/Documents/ImageProcessing/HW04/Report/Images/"swan.png>
Package pdftex.def Info: "C:/Users/Conma/Documents/ImageProcessing/HW04/Report/
Images/"swan.png used on input line 151.
(pdftex.def)             Requested size: 199.16928pt x 149.37712pt.

<"C:/Users/Conma/Documents/ImageProcessing/HW04/Report/Images/"pcSwan.png, id=6
4, 421.575pt x 316.18124pt>
File: "C:/Users/Conma/Documents/ImageProcessing/HW04/Report/Images/"pcSwan.png 
Graphic file (type png)

<use "C:/Users/Conma/Documents/ImageProcessing/HW04/Report/Images/"pcSwan.png>
Package pdftex.def Info: "C:/Users/Conma/Documents/ImageProcessing/HW04/Report/
Images/"pcSwan.png used on input line 154.
(pdftex.def)             Requested size: 199.16928pt x 149.37712pt.

<"C:/Users/Conma/Documents/ImageProcessing/HW04/Report/Images/"tools.png, id=65
, 421.575pt x 316.18124pt>
File: "C:/Users/Conma/Documents/ImageProcessing/HW04/Report/Images/"tools.png G
raphic file (type png)

<use "C:/Users/Conma/Documents/ImageProcessing/HW04/Report/Images/"tools.png>
Package pdftex.def Info: "C:/Users/Conma/Documents/ImageProcessing/HW04/Report/
Images/"tools.png used on input line 158.
(pdftex.def)             Requested size: 199.16928pt x 149.37712pt.

<"C:/Users/Conma/Documents/ImageProcessing/HW04/Report/Images/"pcTools.png, id=
66, 421.575pt x 316.18124pt>
File: "C:/Users/Conma/Documents/ImageProcessing/HW04/Report/Images/"pcTools.png
 Graphic file (type png)

<use "C:/Users/Conma/Documents/ImageProcessing/HW04/Report/Images/"pcTools.png>
Package pdftex.def Info: "C:/Users/Conma/Documents/ImageProcessing/HW04/Report/
Images/"pcTools.png used on input line 161.
(pdftex.def)             Requested size: 199.16928pt x 149.37712pt.
[5 <./Images/dftClean.png (PNG copy)> <./Images/denoised.png (PNG copy)>]
[6 <C:/Users/Conma/Documents/ImageProcessing/HW04/Report/Images/flowers.png (PN
G copy)> <C:/Users/Conma/Documents/ImageProcessing/HW04/Report/Images/pcFlowers
.png (PNG copy)> <C:/Users/Conma/Documents/ImageProcessing/HW04/Report/Images/s
wan.png (PNG copy)> <C:/Users/Conma/Documents/ImageProcessing/HW04/Report/Image
s/pcSwan.png (PNG copy)> <C:/Users/Conma/Documents/ImageProcessing/HW04/Report/
Images/tools.png (PNG copy)> <C:/Users/Conma/Documents/ImageProcessing/HW04/Rep
ort/Images/pcTools.png (PNG copy)>]
<"C:/Users/Conma/Documents/ImageProcessing/HW04/Report/Images/"rgbScene.png, id
=85, 421.575pt x 316.18124pt>
File: "C:/Users/Conma/Documents/ImageProcessing/HW04/Report/Images/"rgbScene.pn
g Graphic file (type png)

<use "C:/Users/Conma/Documents/ImageProcessing/HW04/Report/Images/"rgbScene.png
>
Package pdftex.def Info: "C:/Users/Conma/Documents/ImageProcessing/HW04/Report/
Images/"rgbScene.png used on input line 177.
(pdftex.def)             Requested size: 170.71652pt x 128.03822pt.

<"C:/Users/Conma/Documents/ImageProcessing/HW04/Report/Images/"segmentedRGB.png
, id=86, 421.575pt x 316.18124pt>
File: "C:/Users/Conma/Documents/ImageProcessing/HW04/Report/Images/"segmentedRG
B.png Graphic file (type png)

<use "C:/Users/Conma/Documents/ImageProcessing/HW04/Report/Images/"segmentedRGB
.png>
Package pdftex.def Info: "C:/Users/Conma/Documents/ImageProcessing/HW04/Report/
Images/"segmentedRGB.png used on input line 180.
(pdftex.def)             Requested size: 170.71652pt x 128.03822pt.

<"C:/Users/Conma/Documents/ImageProcessing/HW04/Report/Images/"hsiScene.png, id
=87, 421.575pt x 316.18124pt>
File: "C:/Users/Conma/Documents/ImageProcessing/HW04/Report/Images/"hsiScene.pn
g Graphic file (type png)

<use "C:/Users/Conma/Documents/ImageProcessing/HW04/Report/Images/"hsiScene.png
>
Package pdftex.def Info: "C:/Users/Conma/Documents/ImageProcessing/HW04/Report/
Images/"hsiScene.png used on input line 184.
(pdftex.def)             Requested size: 170.71652pt x 128.03822pt.

<"C:/Users/Conma/Documents/ImageProcessing/HW04/Report/Images/"segmentedHSI.png
, id=88, 421.575pt x 316.18124pt>
File: "C:/Users/Conma/Documents/ImageProcessing/HW04/Report/Images/"segmentedHS
I.png Graphic file (type png)

<use "C:/Users/Conma/Documents/ImageProcessing/HW04/Report/Images/"segmentedHSI
.png>
Package pdftex.def Info: "C:/Users/Conma/Documents/ImageProcessing/HW04/Report/
Images/"segmentedHSI.png used on input line 187.
(pdftex.def)             Requested size: 170.71652pt x 128.03822pt.

<"C:/Users/Conma/Documents/ImageProcessing/HW04/Report/Images/"labScene.png, id
=89, 421.575pt x 316.18124pt>
File: "C:/Users/Conma/Documents/ImageProcessing/HW04/Report/Images/"labScene.pn
g Graphic file (type png)

<use "C:/Users/Conma/Documents/ImageProcessing/HW04/Report/Images/"labScene.png
>
Package pdftex.def Info: "C:/Users/Conma/Documents/ImageProcessing/HW04/Report/
Images/"labScene.png used on input line 191.
(pdftex.def)             Requested size: 170.71652pt x 128.03822pt.

<"C:/Users/Conma/Documents/ImageProcessing/HW04/Report/Images/"segmentedLAB.png
, id=90, 421.575pt x 316.18124pt>
File: "C:/Users/Conma/Documents/ImageProcessing/HW04/Report/Images/"segmentedLA
B.png Graphic file (type png)

<use "C:/Users/Conma/Documents/ImageProcessing/HW04/Report/Images/"segmentedLAB
.png>
Package pdftex.def Info: "C:/Users/Conma/Documents/ImageProcessing/HW04/Report/
Images/"segmentedLAB.png used on input line 194.
(pdftex.def)             Requested size: 170.71652pt x 128.03822pt.

Overfull \hbox (61.42894pt too wide) in paragraph at lines 202--204
\OT1/cmr/m/n/10 Accompanying code is pro-vided in $\OML/cmm/m/it/10 mccurleyHW\
OT1/cmr/m/n/10 04\OML/cmm/m/it/10 :m$\OT1/cmr/m/n/10 , $\OML/cmm/m/it/10 remove
Interference:m$\OT1/cmr/m/n/10 , $\OML/cmm/m/it/10 pseudoColor:m$\OT1/cmr/m/n/1
0 , and $\OML/cmm/m/it/10 colorSegmentation:m$ 
 []

Package atveryend Info: Empty hook `BeforeClearDocument' on input line 206.
[7 <C:/Users/Conma/Documents/ImageProcessing/HW04/Report/Images/rgbScene.png (P
NG copy)> <C:/Users/Conma/Documents/ImageProcessing/HW04/Report/Images/segmente
dRGB.png (PNG copy)> <C:/Users/Conma/Documents/ImageProcessing/HW04/Report/Imag
es/hsiScene.png (PNG copy)> <C:/Users/Conma/Documents/ImageProcessing/HW04/Repo
rt/Images/segmentedHSI.png (PNG copy)> <C:/Users/Conma/Documents/ImageProcessin
g/HW04/Report/Images/labScene.png (PNG copy)> <C:/Users/Conma/Documents/ImagePr
ocessing/HW04/Report/Images/segmentedLAB.png (PNG copy)>] [8]
Package atveryend Info: Empty hook `AfterLastShipout' on input line 206.
 (mccurleyHW04.aux)
Package atveryend Info: Executing hook `AtVeryEndDocument' on input line 206.
Package atveryend Info: Executing hook `AtEndAfterFileList' on input line 206.
Package rerunfilecheck Info: File `mccurleyHW04.out' has not changed.
(rerunfilecheck)             Checksum: D41D8CD98F00B204E9800998ECF8427E;0.


LaTeX Warning: There were multiply-defined labels.

Package atveryend Info: Empty hook `AtVeryVeryEnd' on input line 206.
 ) 
Here is how much of TeX's memory you used:
 10518 strings out of 493323
 162300 string characters out of 3139067
 266066 words of memory out of 3000000
 13834 multiletter control sequences out of 15000+200000
 9307 words of font info for 35 fonts, out of 3000000 for 9000
 1141 hyphenation exceptions out of 8191
 44i,10n,49p,722b,562s stack positions out of 5000i,500n,10000p,200000b,50000s
<C:/Program Files/MiKTeX 2.9/fonts/type1/public/amsfonts/cm/cmbx12.pfb><C:/Pr
ogram Files/MiKTeX 2.9/fonts/type1/public/amsfonts/cm/cmmi10.pfb><C:/Program Fi
les/MiKTeX 2.9/fonts/type1/public/amsfonts/cm/cmmi7.pfb><C:/Program Files/MiKTe
X 2.9/fonts/type1/public/amsfonts/cm/cmr10.pfb><C:/Program Files/MiKTeX 2.9/fon
ts/type1/public/amsfonts/cm/cmr7.pfb><C:/Program Files/MiKTeX 2.9/fonts/type1/p
ublic/amsfonts/cm/cmsy10.pfb>
Output written on mccurleyHW04.pdf (8 pages, 2106475 bytes).
PDF statistics:
 140 PDF objects out of 1000 (max. 8388607)
 46 named destinations out of 1000 (max. 500000)
 106 words of extra memory for PDF output out of 10000 (max. 10000000)

