This is pdfTeX, Version 3.14159265-2.6-1.40.18 (MiKTeX 2.9.6350 64-bit) (preloaded format=pdflatex 2018.9.10)  10 SEP 2018 12:04
entering extended mode
**//ece-azare-nas1.ad.ufl.edu/ece-azare-nas/Profile/cmccurley/Desktop/ImageProc
essing/HW02/Report/mccurleyHW02.tex

(//ece-azare-nas1.ad.ufl.edu/ece-azare-nas/Profile/cmccurley/Desktop/ImageProce
ssing/HW02/Report/mccurleyHW02.tex
LaTeX2e <2017-04-15>
Babel <3.10> and hyphenation patterns for 77 language(s) loaded.

("C:\Users\cmccurley\AppData\Local\Programs\MiKTeX 2.9\tex\latex\base\article.c
ls"
Document Class: article 2014/09/29 v1.4h Standard LaTeX document class

("C:\Users\cmccurley\AppData\Local\Programs\MiKTeX 2.9\tex\latex\base\size10.cl
o"
File: size10.clo 2014/09/29 v1.4h Standard LaTeX file (size option)
)
\c@part=\count79
\c@section=\count80
\c@subsection=\count81
\c@subsubsection=\count82
\c@paragraph=\count83
\c@subparagraph=\count84
\c@figure=\count85
\c@table=\count86
\abovecaptionskip=\skip41
\belowcaptionskip=\skip42
\bibindent=\dimen102
)
("C:\Users\cmccurley\AppData\Local\Programs\MiKTeX 2.9\tex\latex\amsfonts\amssy
mb.sty"
Package: amssymb 2013/01/14 v3.01 AMS font symbols

("C:\Users\cmccurley\AppData\Local\Programs\MiKTeX 2.9\tex\latex\amsfonts\amsfo
nts.sty"
Package: amsfonts 2013/01/14 v3.01 Basic AMSFonts support
\@emptytoks=\toks14
\symAMSa=\mathgroup4
\symAMSb=\mathgroup5
LaTeX Font Info:    Overwriting math alphabet `\mathfrak' in version `bold'
(Font)                  U/euf/m/n --> U/euf/b/n on input line 106.
))
("C:\Users\cmccurley\AppData\Local\Programs\MiKTeX 2.9\tex\latex\amscls\amsthm.
sty"
Package: amsthm 2015/03/04 v2.20.2
\thm@style=\toks15
\thm@bodyfont=\toks16
\thm@headfont=\toks17
\thm@notefont=\toks18
\thm@headpunct=\toks19
\thm@preskip=\skip43
\thm@postskip=\skip44
\thm@headsep=\skip45
\dth@everypar=\toks20
)
("C:\Users\cmccurley\AppData\Local\Programs\MiKTeX 2.9\tex\latex\amsmath\amsmat
h.sty"
Package: amsmath 2016/11/05 v2.16a AMS math features
\@mathmargin=\skip46

For additional information on amsmath, use the `?' option.

("C:\Users\cmccurley\AppData\Local\Programs\MiKTeX 2.9\tex\latex\amsmath\amstex
t.sty"
Package: amstext 2000/06/29 v2.01 AMS text

("C:\Users\cmccurley\AppData\Local\Programs\MiKTeX 2.9\tex\latex\amsmath\amsgen
.sty"
File: amsgen.sty 1999/11/30 v2.0 generic functions
\@emptytoks=\toks21
\ex@=\dimen103
))
("C:\Users\cmccurley\AppData\Local\Programs\MiKTeX 2.9\tex\latex\amsmath\amsbsy
.sty"
Package: amsbsy 1999/11/29 v1.2d Bold Symbols
\pmbraise@=\dimen104
)
("C:\Users\cmccurley\AppData\Local\Programs\MiKTeX 2.9\tex\latex\amsmath\amsopn
.sty"
Package: amsopn 2016/03/08 v2.02 operator names
)
\inf@bad=\count87
LaTeX Info: Redefining \frac on input line 213.
\uproot@=\count88
\leftroot@=\count89
LaTeX Info: Redefining \overline on input line 375.
\classnum@=\count90
\DOTSCASE@=\count91
LaTeX Info: Redefining \ldots on input line 472.
LaTeX Info: Redefining \dots on input line 475.
LaTeX Info: Redefining \cdots on input line 596.
\Mathstrutbox@=\box26
\strutbox@=\box27
\big@size=\dimen105
LaTeX Font Info:    Redeclaring font encoding OML on input line 712.
LaTeX Font Info:    Redeclaring font encoding OMS on input line 713.
\macc@depth=\count92
\c@MaxMatrixCols=\count93
\dotsspace@=\muskip10
\c@parentequation=\count94
\dspbrk@lvl=\count95
\tag@help=\toks22
\row@=\count96
\column@=\count97
\maxfields@=\count98
\andhelp@=\toks23
\eqnshift@=\dimen106
\alignsep@=\dimen107
\tagshift@=\dimen108
\tagwidth@=\dimen109
\totwidth@=\dimen110
\lineht@=\dimen111
\@envbody=\toks24
\multlinegap=\skip47
\multlinetaggap=\skip48
\mathdisplay@stack=\toks25
LaTeX Info: Redefining \[ on input line 2817.
LaTeX Info: Redefining \] on input line 2818.
)
("C:\Users\cmccurley\AppData\Local\Programs\MiKTeX 2.9\tex\latex\appendix\appen
dix.sty"
Package: appendix 2009/09/02 v1.2b extra appendix facilities
\c@@pps=\count99
\c@@ppsavesec=\count100
\c@@ppsaveapp=\count101
)
("C:\Users\cmccurley\AppData\Local\Programs\MiKTeX 2.9\tex\latex\tools\array.st
y"
Package: array 2016/10/06 v2.4d Tabular extension package (FMi)
\col@sep=\dimen112
\extrarowheight=\dimen113
\NC@list=\toks26
\extratabsurround=\skip49
\backup@length=\skip50
)
("C:\Users\cmccurley\AppData\Local\Programs\MiKTeX 2.9\tex\latex\geometry\geome
try.sty"
Package: geometry 2010/09/12 v5.6 Page Geometry

("C:\Users\cmccurley\AppData\Local\Programs\MiKTeX 2.9\tex\latex\graphics\keyva
l.sty"
Package: keyval 2014/10/28 v1.15 key=value parser (DPC)
\KV@toks@=\toks27
)
("C:\Users\cmccurley\AppData\Local\Programs\MiKTeX 2.9\tex\generic\oberdiek\ifp
df.sty"
Package: ifpdf 2017/03/15 v3.2 Provides the ifpdf switch
)
("C:\Users\cmccurley\AppData\Local\Programs\MiKTeX 2.9\tex\generic\oberdiek\ifv
tex.sty"
Package: ifvtex 2016/05/16 v1.6 Detect VTeX and its facilities (HO)
Package ifvtex Info: VTeX not detected.
)
("C:\Users\cmccurley\AppData\Local\Programs\MiKTeX 2.9\tex\generic\ifxetex\ifxe
tex.sty"
Package: ifxetex 2010/09/12 v0.6 Provides ifxetex conditional
)
\Gm@cnth=\count102
\Gm@cntv=\count103
\c@Gm@tempcnt=\count104
\Gm@bindingoffset=\dimen114
\Gm@wd@mp=\dimen115
\Gm@odd@mp=\dimen116
\Gm@even@mp=\dimen117
\Gm@layoutwidth=\dimen118
\Gm@layoutheight=\dimen119
\Gm@layouthoffset=\dimen120
\Gm@layoutvoffset=\dimen121
\Gm@dimlist=\toks28

("C:\Users\cmccurley\AppData\Local\Programs\MiKTeX 2.9\tex\latex\geometry\geome
try.cfg"))
("C:\Users\cmccurley\AppData\Local\Programs\MiKTeX 2.9\tex\latex\enumitem\enumi
tem.sty"
Package: enumitem 2011/09/28 v3.5.2 Customized lists
\labelindent=\skip51
\enit@outerparindent=\dimen122
\enit@toks=\toks29
\enit@inbox=\box28
\enitdp@description=\count105
)
("C:\Users\cmccurley\AppData\Local\Programs\MiKTeX 2.9\tex\latex\graphics\graph
icx.sty"
Package: graphicx 2014/10/28 v1.0g Enhanced LaTeX Graphics (DPC,SPQR)

("C:\Users\cmccurley\AppData\Local\Programs\MiKTeX 2.9\tex\latex\graphics\graph
ics.sty"
Package: graphics 2017/04/14 v1.1b Standard LaTeX Graphics (DPC,SPQR)

("C:\Users\cmccurley\AppData\Local\Programs\MiKTeX 2.9\tex\latex\graphics\trig.
sty"
Package: trig 2016/01/03 v1.10 sin cos tan (DPC)
)
("C:\Users\cmccurley\AppData\Local\Programs\MiKTeX 2.9\tex\latex\graphics-cfg\g
raphics.cfg"
File: graphics.cfg 2016/06/04 v1.11 sample graphics configuration
)
Package graphics Info: Driver file: pdftex.def on input line 99.

("C:\Users\cmccurley\AppData\Local\Programs\MiKTeX 2.9\tex\latex\graphics-def\p
dftex.def"
File: pdftex.def 2017/01/12 v0.06k Graphics/color for pdfTeX

("C:\Users\cmccurley\AppData\Local\Programs\MiKTeX 2.9\tex\generic\oberdiek\inf
warerr.sty"
Package: infwarerr 2016/05/16 v1.4 Providing info/warning/error messages (HO)
)
("C:\Users\cmccurley\AppData\Local\Programs\MiKTeX 2.9\tex\generic\oberdiek\ltx
cmds.sty"
Package: ltxcmds 2016/05/16 v1.23 LaTeX kernel commands for general use (HO)
)
\Gread@gobject=\count106
))
\Gin@req@height=\dimen123
\Gin@req@width=\dimen124
)
("C:\Users\cmccurley\AppData\Local\Programs\MiKTeX 2.9\tex\latex\subfig\subfig.
sty"
Package: subfig 2005/06/28 ver: 1.3 subfig package

("C:\Users\cmccurley\AppData\Local\Programs\MiKTeX 2.9\tex\latex\caption\captio
n.sty"
Package: caption 2018/05/01 v3.3-147 Customizing captions (AR)

("C:\Users\cmccurley\AppData\Local\Programs\MiKTeX 2.9\tex\latex\caption\captio
n3.sty"
Package: caption3 2018/05/27 v1.8a caption3 kernel (AR)
Package caption3 Info: TeX engine: e-TeX on input line 64.
\captionmargin=\dimen125
\captionmargin@=\dimen126
\captionwidth=\dimen127
\caption@tempdima=\dimen128
\caption@indent=\dimen129
\caption@parindent=\dimen130
\caption@hangindent=\dimen131
)
\c@ContinuedFloat=\count107
)
\c@KVtest=\count108
\sf@farskip=\skip52
\sf@captopadj=\dimen132
\sf@capskip=\skip53
\sf@nearskip=\skip54
\c@subfigure=\count109
\c@subfigure@save=\count110
\c@lofdepth=\count111
\c@subtable=\count112
\c@subtable@save=\count113
\c@lotdepth=\count114
\sf@top=\skip55
\sf@bottom=\skip56
)
("C:\Users\cmccurley\AppData\Local\Programs\MiKTeX 2.9\tex\latex\url\url.sty"
\Urlmuskip=\muskip11
Package: url 2013/09/16  ver 3.4  Verb mode for urls, etc.
)
("C:\Users\cmccurley\AppData\Local\Programs\MiKTeX 2.9\tex\latex\float\float.st
y"
Package: float 2001/11/08 v1.3d Float enhancements (AL)
\c@float@type=\count115
\float@exts=\toks30
\float@box=\box29
\@float@everytoks=\toks31
\@floatcapt=\box30
)
("C:\Users\cmccurley\AppData\Local\Programs\MiKTeX 2.9\tex\latex\pdfpages\pdfpa
ges.sty"
Package: pdfpages 2017/10/31 v0.5l Insert pages of external PDF documents (AM)

("C:\Users\cmccurley\AppData\Local\Programs\MiKTeX 2.9\tex\latex\base\ifthen.st
y"
Package: ifthen 2014/09/29 v1.1c Standard LaTeX ifthen package (DPC)
)
("C:\Users\cmccurley\AppData\Local\Programs\MiKTeX 2.9\tex\latex\tools\calc.sty
"
Package: calc 2014/10/28 v4.3 Infix arithmetic (KKT,FJ)
\calc@Acount=\count116
\calc@Bcount=\count117
\calc@Adimen=\dimen133
\calc@Bdimen=\dimen134
\calc@Askip=\skip57
\calc@Bskip=\skip58
LaTeX Info: Redefining \setlength on input line 80.
LaTeX Info: Redefining \addtolength on input line 81.
\calc@Ccount=\count118
\calc@Cskip=\skip59
)
("C:\Users\cmccurley\AppData\Local\Programs\MiKTeX 2.9\tex\latex\eso-pic\eso-pi
c.sty"
Package: eso-pic 2018/04/12 v2.0h eso-pic (RN)

("C:\Users\cmccurley\AppData\Local\Programs\MiKTeX 2.9\tex\generic\oberdiek\atb
egshi.sty"
Package: atbegshi 2016/06/09 v1.18 At begin shipout hook (HO)
)
("C:\Users\cmccurley\AppData\Local\Programs\MiKTeX 2.9\tex\latex\xcolor\xcolor.
sty"
Package: xcolor 2016/05/11 v2.12 LaTeX color extensions (UK)

("C:\Users\cmccurley\AppData\Local\Programs\MiKTeX 2.9\tex\latex\graphics-cfg\c
olor.cfg"
File: color.cfg 2016/01/02 v1.6 sample color configuration
)
Package xcolor Info: Driver file: pdftex.def on input line 225.
Package xcolor Info: Model `cmy' substituted by `cmy0' on input line 1348.
Package xcolor Info: Model `hsb' substituted by `rgb' on input line 1352.
Package xcolor Info: Model `RGB' extended on input line 1364.
Package xcolor Info: Model `HTML' substituted by `rgb' on input line 1366.
Package xcolor Info: Model `Hsb' substituted by `hsb' on input line 1367.
Package xcolor Info: Model `tHsb' substituted by `hsb' on input line 1368.
Package xcolor Info: Model `HSB' substituted by `hsb' on input line 1369.
Package xcolor Info: Model `Gray' substituted by `gray' on input line 1370.
Package xcolor Info: Model `wave' substituted by `hsb' on input line 1371.
))
\AM@pagewidth=\dimen135
\AM@pageheight=\dimen136

("C:\Users\cmccurley\AppData\Local\Programs\MiKTeX 2.9\tex\latex\pdfpages\pppdf
tex.def"
File: pppdftex.def 2017/10/31 v0.5l Pdfpages driver for pdfTeX (AM)
)
\AM@pagebox=\box31
\AM@global@opts=\toks32
\AM@toc@title=\toks33
\c@AM@survey=\count119
\AM@templatesizebox=\box32
)
("C:\Users\cmccurley\AppData\Local\Programs\MiKTeX 2.9\tex\latex\base\shortvrb.
sty"
Package: shortvrb 2016/02/15 v2.1g Standard LaTeX documentation package (FMi)
)
("C:\Users\cmccurley\AppData\Local\Programs\MiKTeX 2.9\tex\latex\mathtools\math
tools.sty"
Package: mathtools 2018/01/08 v1.21 mathematical typesetting tools

("C:\Users\cmccurley\AppData\Local\Programs\MiKTeX 2.9\tex\latex\mathtools\mhse
tup.sty"
Package: mhsetup 2017/03/31 v1.3 programming setup (MH)
)
LaTeX Info: Thecontrolsequence`\('isalreadyrobust on input line 129.
LaTeX Info: Thecontrolsequence`\)'isalreadyrobust on input line 129.
LaTeX Info: Thecontrolsequence`\['isalreadyrobust on input line 129.
LaTeX Info: Thecontrolsequence`\]'isalreadyrobust on input line 129.
\g_MT_multlinerow_int=\count120
\l_MT_multwidth_dim=\dimen137
\origjot=\skip60
\l_MT_shortvdotswithinadjustabove_dim=\dimen138
\l_MT_shortvdotswithinadjustbelow_dim=\dimen139
\l_MT_above_intertext_sep=\dimen140
\l_MT_below_intertext_sep=\dimen141
\l_MT_above_shortintertext_sep=\dimen142
\l_MT_below_shortintertext_sep=\dimen143
)
("C:\Users\cmccurley\AppData\Local\Programs\MiKTeX 2.9\tex\latex\multirow\multi
row.sty"
Package: multirow 2016/11/25 v2.2 Span multiple rows of a table
\multirow@colwidth=\skip61
\multirow@cntb=\count121
\multirow@dima=\skip62
\bigstrutjot=\dimen144
)
("C:\Users\cmccurley\AppData\Local\Programs\MiKTeX 2.9\tex\latex\hyperref\hyper
ref.sty"
Package: hyperref 2017/03/14 v6.85a Hypertext links for LaTeX

("C:\Users\cmccurley\AppData\Local\Programs\MiKTeX 2.9\tex\generic\oberdiek\hob
sub-hyperref.sty"
Package: hobsub-hyperref 2016/05/16 v1.14 Bundle oberdiek, subset hyperref (HO)


("C:\Users\cmccurley\AppData\Local\Programs\MiKTeX 2.9\tex\generic\oberdiek\hob
sub-generic.sty"
Package: hobsub-generic 2016/05/16 v1.14 Bundle oberdiek, subset generic (HO)
Package: hobsub 2016/05/16 v1.14 Construct package bundles (HO)
Package hobsub Info: Skipping package `infwarerr' (already loaded).
Package hobsub Info: Skipping package `ltxcmds' (already loaded).
Package: ifluatex 2016/05/16 v1.4 Provides the ifluatex switch (HO)
Package ifluatex Info: LuaTeX not detected.
Package hobsub Info: Skipping package `ifvtex' (already loaded).
Package: intcalc 2016/05/16 v1.2 Expandable calculations with integers (HO)
Package hobsub Info: Skipping package `ifpdf' (already loaded).
Package: etexcmds 2016/05/16 v1.6 Avoid name clashes with e-TeX commands (HO)
Package etexcmds Info: Could not find \expanded.
(etexcmds)             That can mean that you are not using pdfTeX 1.50 or
(etexcmds)             that some package has redefined \expanded.
(etexcmds)             In the latter case, load this package earlier.
Package: kvsetkeys 2016/05/16 v1.17 Key value parser (HO)
Package: kvdefinekeys 2016/05/16 v1.4 Define keys (HO)
Package: pdftexcmds 2017/03/19 v0.25 Utility functions of pdfTeX for LuaTeX (HO
)
Package pdftexcmds Info: LuaTeX not detected.
Package pdftexcmds Info: \pdf@primitive is available.
Package pdftexcmds Info: \pdf@ifprimitive is available.
Package pdftexcmds Info: \pdfdraftmode found.
Package: pdfescape 2016/05/16 v1.14 Implements pdfTeX's escape features (HO)
Package: bigintcalc 2016/05/16 v1.4 Expandable calculations on big integers (HO
)
Package: bitset 2016/05/16 v1.2 Handle bit-vector datatype (HO)
Package: uniquecounter 2016/05/16 v1.3 Provide unlimited unique counter (HO)
)
Package hobsub Info: Skipping package `hobsub' (already loaded).
Package: letltxmacro 2016/05/16 v1.5 Let assignment for LaTeX macros (HO)
Package: hopatch 2016/05/16 v1.3 Wrapper for package hooks (HO)
Package: xcolor-patch 2016/05/16 xcolor patch
Package: atveryend 2016/05/16 v1.9 Hooks at the very end of document (HO)
Package atveryend Info: \enddocument detected (standard20110627).
Package hobsub Info: Skipping package `atbegshi' (already loaded).
Package: refcount 2016/05/16 v3.5 Data extraction from label references (HO)
Package: hycolor 2016/05/16 v1.8 Color options for hyperref/bookmark (HO)
)
("C:\Users\cmccurley\AppData\Local\Programs\MiKTeX 2.9\tex\latex\oberdiek\auxho
ok.sty"
Package: auxhook 2016/05/16 v1.4 Hooks for auxiliary files (HO)
)
("C:\Users\cmccurley\AppData\Local\Programs\MiKTeX 2.9\tex\latex\oberdiek\kvopt
ions.sty"
Package: kvoptions 2016/05/16 v3.12 Key value format for package options (HO)
)
\@linkdim=\dimen145
\Hy@linkcounter=\count122
\Hy@pagecounter=\count123

("C:\Users\cmccurley\AppData\Local\Programs\MiKTeX 2.9\tex\latex\hyperref\pd1en
c.def"
File: pd1enc.def 2017/03/14 v6.85a Hyperref: PDFDocEncoding definition (HO)
)
\Hy@SavedSpaceFactor=\count124

("C:\Users\cmccurley\AppData\Local\Programs\MiKTeX 2.9\tex\latex\00miktex\hyper
ref.cfg"
File: hyperref.cfg 2002/06/06 v1.2 hyperref configuration of TeXLive
)
Package hyperref Info: Hyper figures OFF on input line 4498.
Package hyperref Info: Link nesting OFF on input line 4503.
Package hyperref Info: Hyper index ON on input line 4506.
Package hyperref Info: Plain pages OFF on input line 4513.
Package hyperref Info: Backreferencing OFF on input line 4518.
Package hyperref Info: Implicit mode ON; LaTeX internals redefined.
Package hyperref Info: Bookmarks ON on input line 4751.
\c@Hy@tempcnt=\count125
LaTeX Info: Redefining \url on input line 5104.
\XeTeXLinkMargin=\dimen146
\Fld@menulength=\count126
\Field@Width=\dimen147
\Fld@charsize=\dimen148
Package hyperref Info: Hyper figures OFF on input line 6358.
Package hyperref Info: Link nesting OFF on input line 6363.
Package hyperref Info: Hyper index ON on input line 6366.
Package hyperref Info: backreferencing OFF on input line 6373.
Package hyperref Info: Link coloring OFF on input line 6378.
Package hyperref Info: Link coloring with OCG OFF on input line 6383.
Package hyperref Info: PDF/A mode OFF on input line 6388.
LaTeX Info: Redefining \ref on input line 6428.
LaTeX Info: Redefining \pageref on input line 6432.
\Hy@abspage=\count127
\c@Item=\count128
\c@Hfootnote=\count129
)

Package hyperref Message: Driver (autodetected): hpdftex.


("C:\Users\cmccurley\AppData\Local\Programs\MiKTeX 2.9\tex\latex\hyperref\hpdft
ex.def"
File: hpdftex.def 2017/03/14 v6.85a Hyperref driver for pdfTeX
\Fld@listcount=\count130
\c@bookmark@seq@number=\count131

("C:\Users\cmccurley\AppData\Local\Programs\MiKTeX 2.9\tex\latex\oberdiek\rerun
filecheck.sty"
Package: rerunfilecheck 2016/05/16 v1.8 Rerun checks for auxiliary files (HO)
Package uniquecounter Info: New unique counter `rerunfilecheck' on input line 2
82.
)
\Hy@SectionHShift=\skip63
)
("C:\Users\cmccurley\AppData\Local\Programs\MiKTeX 2.9\tex\latex\algorithms\alg
orithm.sty"
Package: algorithm 2009/08/24 v0.1 Document Style `algorithm' - floating enviro
nment
\@float@every@algorithm=\toks34
\c@algorithm=\count132
)
("C:\Users\cmccurley\AppData\Local\Programs\MiKTeX 2.9\tex\latex\algorithmicx\a
lgpseudocode.sty"
Package: algpseudocode 

("C:\Users\cmccurley\AppData\Local\Programs\MiKTeX 2.9\tex\latex\algorithmicx\a
lgorithmicx.sty"
Package: algorithmicx 2005/04/27 v1.2 Algorithmicx

Document Style algorithmicx 1.2 - a greatly improved `algorithmic' style
\c@ALG@line=\count133
\c@ALG@rem=\count134
\c@ALG@nested=\count135
\ALG@tlm=\skip64
\ALG@thistlm=\skip65
\c@ALG@Lnr=\count136
\c@ALG@blocknr=\count137
\c@ALG@storecount=\count138
\c@ALG@tmpcounter=\count139
\ALG@tmplength=\skip66
)
Document Style - pseudocode environments for use with the `algorithmicx' style
) (mccurleyHW02.aux)
\openout1 = `mccurleyHW02.aux'.

LaTeX Font Info:    Checking defaults for OML/cmm/m/it on input line 34.
LaTeX Font Info:    ... okay on input line 34.
LaTeX Font Info:    Checking defaults for T1/cmr/m/n on input line 34.
LaTeX Font Info:    ... okay on input line 34.
LaTeX Font Info:    Checking defaults for OT1/cmr/m/n on input line 34.
LaTeX Font Info:    ... okay on input line 34.
LaTeX Font Info:    Checking defaults for OMS/cmsy/m/n on input line 34.
LaTeX Font Info:    ... okay on input line 34.
LaTeX Font Info:    Checking defaults for OMX/cmex/m/n on input line 34.
LaTeX Font Info:    ... okay on input line 34.
LaTeX Font Info:    Checking defaults for U/cmr/m/n on input line 34.
LaTeX Font Info:    ... okay on input line 34.
LaTeX Font Info:    Checking defaults for PD1/pdf/m/n on input line 34.
LaTeX Font Info:    ... okay on input line 34.

*geometry* driver: auto-detecting
*geometry* detected driver: pdftex
*geometry* verbose mode - [ preamble ] result:
* driver: pdftex
* paper: <default>
* layout: <same size as paper>
* layoutoffset:(h,v)=(0.0pt,0.0pt)
* modes: 
* h-part:(L,W,R)=(72.26999pt, 469.75502pt, 72.26999pt)
* v-part:(T,H,B)=(72.26999pt, 650.43001pt, 72.26999pt)
* \paperwidth=614.295pt
* \paperheight=794.96999pt
* \textwidth=469.75502pt
* \textheight=650.43001pt
* \oddsidemargin=0.0pt
* \evensidemargin=0.0pt
* \topmargin=-37.0pt
* \headheight=12.0pt
* \headsep=25.0pt
* \topskip=10.0pt
* \footskip=30.0pt
* \marginparwidth=65.0pt
* \marginparsep=11.0pt
* \columnsep=10.0pt
* \skip\footins=9.0pt plus 4.0pt minus 2.0pt
* \hoffset=0.0pt
* \voffset=0.0pt
* \mag=1000
* \@twocolumnfalse
* \@twosidefalse
* \@mparswitchfalse
* \@reversemarginfalse
* (1in=72.27pt=25.4mm, 1cm=28.453pt)


("C:\Users\cmccurley\AppData\Local\Programs\MiKTeX 2.9\tex\context\base\supp-pd
f.mkii"
[Loading MPS to PDF converter (version 2006.09.02).]
\scratchcounter=\count140
\scratchdimen=\dimen149
\scratchbox=\box33
\nofMPsegments=\count141
\nofMParguments=\count142
\everyMPshowfont=\toks35
\MPscratchCnt=\count143
\MPscratchDim=\dimen150
\MPnumerator=\count144
\makeMPintoPDFobject=\count145
\everyMPtoPDFconversion=\toks36
)
("C:\Users\cmccurley\AppData\Local\Programs\MiKTeX 2.9\tex\latex\oberdiek\epsto
pdf-base.sty"
Package: epstopdf-base 2016/05/15 v2.6 Base part for package epstopdf

("C:\Users\cmccurley\AppData\Local\Programs\MiKTeX 2.9\tex\latex\oberdiek\grfex
t.sty"
Package: grfext 2016/05/16 v1.2 Manage graphics extensions (HO)
)
Package epstopdf-base Info: Redefining graphics rule for `.eps' on input line 4
38.
Package grfext Info: Graphics extension search list:
(grfext)             [.png,.pdf,.jpg,.mps,.jpeg,.jbig2,.jb2,.PNG,.PDF,.JPG,.JPE
G,.JBIG2,.JB2,.eps]
(grfext)             \AppendGraphicsExtensions on input line 456.
)
Package caption Info: Begin \AtBeginDocument code.
Package caption Info: subfig package v1.3 is loaded.
Package caption Info: float package is loaded.
Package caption Info: hyperref package is loaded.
Package caption Info: End \AtBeginDocument code.
\AtBeginShipoutBox=\box34

("C:\Users\cmccurley\AppData\Local\Programs\MiKTeX 2.9\tex\latex\oberdiek\pdfls
cape.sty"
Package: pdflscape 2016/05/14 v0.11 Display of landscape pages in PDF (HO)

("C:\Users\cmccurley\AppData\Local\Programs\MiKTeX 2.9\tex\latex\graphics\lscap
e.sty"
Package: lscape 2000/10/22 v3.01 Landscape Pages (DPC)
)
Package pdflscape Info: Auto-detected driver: pdftex on input line 81.
)
Package hyperref Info: Link coloring OFF on input line 34.

("C:\Users\cmccurley\AppData\Local\Programs\MiKTeX 2.9\tex\latex\hyperref\namer
ef.sty"
Package: nameref 2016/05/21 v2.44 Cross-referencing by name of section

("C:\Users\cmccurley\AppData\Local\Programs\MiKTeX 2.9\tex\generic\oberdiek\get
titlestring.sty"
Package: gettitlestring 2016/05/16 v1.5 Cleanup title references (HO)
)
\c@section@level=\count146
)
LaTeX Info: Redefining \ref on input line 34.
LaTeX Info: Redefining \pageref on input line 34.
LaTeX Info: Redefining \nameref on input line 34.
 (mccurleyHW02.out) (mccurleyHW02.out)
\@outlinefile=\write3
\openout3 = `mccurleyHW02.out'.

LaTeX Font Info:    Try loading font information for U+msa on input line 46.

("C:\Users\cmccurley\AppData\Local\Programs\MiKTeX 2.9\tex\latex\amsfonts\umsa.
fd"
File: umsa.fd 2013/01/14 v3.01 AMS symbols A
)
LaTeX Font Info:    Try loading font information for U+msb on input line 46.

("C:\Users\cmccurley\AppData\Local\Programs\MiKTeX 2.9\tex\latex\amsfonts\umsb.
fd"
File: umsb.fd 2013/01/14 v3.01 AMS symbols B
)
Underfull \hbox (badness 10000) in paragraph at lines 80--82

 []

[1

{C:/Users/cmccurley/AppData/Local/MiKTeX/2.9/pdftex/config/pdftex.map}]
[2]
<"//ece-azare-nas1.ad.ufl.edu/ece-azare-nas/Profile/cmccurley/Desktop/ImageProc
essing/HW02/Report/Images/"flowersIntensity.jpg, id=33, 562.1pt x 421.575pt>
File: "//ece-azare-nas1.ad.ufl.edu/ece-azare-nas/Profile/cmccurley/Desktop/Imag
eProcessing/HW02/Report/Images/"flowersIntensity.jpg Graphic file (type jpg)

<use "//ece-azare-nas1.ad.ufl.edu/ece-azare-nas/Profile/cmccurley/Desktop/Image
Processing/HW02/Report/Images/"flowersIntensity.jpg>
Package pdftex.def Info: "//ece-azare-nas1.ad.ufl.edu/ece-azare-nas/Profile/cmc
curley/Desktop/ImageProcessing/HW02/Report/Images/"flowersIntensity.jpg used on
 input line 94.
(pdftex.def)             Requested size: 156.49014pt x 117.36475pt.

<"//ece-azare-nas1.ad.ufl.edu/ece-azare-nas/Profile/cmccurley/Desktop/ImageProc
essing/HW02/Report/Images/"flowersNormHist.jpg, id=34, 562.1pt x 421.575pt>
File: "//ece-azare-nas1.ad.ufl.edu/ece-azare-nas/Profile/cmccurley/Desktop/Imag
eProcessing/HW02/Report/Images/"flowersNormHist.jpg Graphic file (type jpg)

<use "//ece-azare-nas1.ad.ufl.edu/ece-azare-nas/Profile/cmccurley/Desktop/Image
Processing/HW02/Report/Images/"flowersNormHist.jpg>
Package pdftex.def Info: "//ece-azare-nas1.ad.ufl.edu/ece-azare-nas/Profile/cmc
curley/Desktop/ImageProcessing/HW02/Report/Images/"flowersNormHist.jpg used on 
input line 97.
(pdftex.def)             Requested size: 156.49014pt x 117.36475pt.

<"//ece-azare-nas1.ad.ufl.edu/ece-azare-nas/Profile/cmccurley/Desktop/ImageProc
essing/HW02/Report/Images/"swanIntensity.jpg, id=35, 562.1pt x 421.575pt>
File: "//ece-azare-nas1.ad.ufl.edu/ece-azare-nas/Profile/cmccurley/Desktop/Imag
eProcessing/HW02/Report/Images/"swanIntensity.jpg Graphic file (type jpg)

<use "//ece-azare-nas1.ad.ufl.edu/ece-azare-nas/Profile/cmccurley/Desktop/Image
Processing/HW02/Report/Images/"swanIntensity.jpg>
Package pdftex.def Info: "//ece-azare-nas1.ad.ufl.edu/ece-azare-nas/Profile/cmc
curley/Desktop/ImageProcessing/HW02/Report/Images/"swanIntensity.jpg used on in
put line 101.
(pdftex.def)             Requested size: 156.49014pt x 117.36475pt.

<"//ece-azare-nas1.ad.ufl.edu/ece-azare-nas/Profile/cmccurley/Desktop/ImageProc
essing/HW02/Report/Images/"swanNormHist.jpg, id=36, 562.1pt x 421.575pt>
File: "//ece-azare-nas1.ad.ufl.edu/ece-azare-nas/Profile/cmccurley/Desktop/Imag
eProcessing/HW02/Report/Images/"swanNormHist.jpg Graphic file (type jpg)

<use "//ece-azare-nas1.ad.ufl.edu/ece-azare-nas/Profile/cmccurley/Desktop/Image
Processing/HW02/Report/Images/"swanNormHist.jpg>
Package pdftex.def Info: "//ece-azare-nas1.ad.ufl.edu/ece-azare-nas/Profile/cmc
curley/Desktop/ImageProcessing/HW02/Report/Images/"swanNormHist.jpg used on inp
ut line 104.
(pdftex.def)             Requested size: 156.49014pt x 117.36475pt.

<"//ece-azare-nas1.ad.ufl.edu/ece-azare-nas/Profile/cmccurley/Desktop/ImageProc
essing/HW02/Report/Images/"toolsIntensity.jpg, id=37, 562.1pt x 421.575pt>
File: "//ece-azare-nas1.ad.ufl.edu/ece-azare-nas/Profile/cmccurley/Desktop/Imag
eProcessing/HW02/Report/Images/"toolsIntensity.jpg Graphic file (type jpg)

<use "//ece-azare-nas1.ad.ufl.edu/ece-azare-nas/Profile/cmccurley/Desktop/Image
Processing/HW02/Report/Images/"toolsIntensity.jpg>
Package pdftex.def Info: "//ece-azare-nas1.ad.ufl.edu/ece-azare-nas/Profile/cmc
curley/Desktop/ImageProcessing/HW02/Report/Images/"toolsIntensity.jpg used on i
nput line 108.
(pdftex.def)             Requested size: 156.49014pt x 117.36475pt.

<"//ece-azare-nas1.ad.ufl.edu/ece-azare-nas/Profile/cmccurley/Desktop/ImageProc
essing/HW02/Report/Images/"toolsNormHist.jpg, id=38, 562.1pt x 421.575pt>
File: "//ece-azare-nas1.ad.ufl.edu/ece-azare-nas/Profile/cmccurley/Desktop/Imag
eProcessing/HW02/Report/Images/"toolsNormHist.jpg Graphic file (type jpg)

<use "//ece-azare-nas1.ad.ufl.edu/ece-azare-nas/Profile/cmccurley/Desktop/Image
Processing/HW02/Report/Images/"toolsNormHist.jpg>
Package pdftex.def Info: "//ece-azare-nas1.ad.ufl.edu/ece-azare-nas/Profile/cmc
curley/Desktop/ImageProcessing/HW02/Report/Images/"toolsNormHist.jpg used on in
put line 111.
(pdftex.def)             Requested size: 156.49014pt x 117.36475pt.
LaTeX Font Info:    Try loading font information for OMS+cmr on input line 117.


("C:\Users\cmccurley\AppData\Local\Programs\MiKTeX 2.9\tex\latex\base\omscmr.fd
"
File: omscmr.fd 2014/09/29 v2.5h Standard LaTeX font definitions
)
LaTeX Font Info:    Font shape `OMS/cmr/m/n' in size <10> not available
(Font)              Font shape `OMS/cmsy/m/n' tried instead on input line 117.
 [3 <//ece-azare-nas1.ad.ufl.edu/ece-azare-nas/Profile/cmccurley/Desktop/ImageP
rocessing/HW02/Report/Images/flowersIntensity.jpg> <//ece-azare-nas1.ad.ufl.edu
/ece-azare-nas/Profile/cmccurley/Desktop/ImageProcessing/HW02/Report/Images/flo
wersNormHist.jpg> <//ece-azare-nas1.ad.ufl.edu/ece-azare-nas/Profile/cmccurley/
Desktop/ImageProcessing/HW02/Report/Images/swanIntensity.jpg> <//ece-azare-nas1
.ad.ufl.edu/ece-azare-nas/Profile/cmccurley/Desktop/ImageProcessing/HW02/Report
/Images/swanNormHist.jpg> <//ece-azare-nas1.ad.ufl.edu/ece-azare-nas/Profile/cm
ccurley/Desktop/ImageProcessing/HW02/Report/Images/toolsIntensity.jpg> <//ece-a
zare-nas1.ad.ufl.edu/ece-azare-nas/Profile/cmccurley/Desktop/ImageProcessing/HW
02/Report/Images/toolsNormHist.jpg>]
File: "//ece-azare-nas1.ad.ufl.edu/ece-azare-nas/Profile/cmccurley/Desktop/Imag
eProcessing/HW02/Report/Images/"flowersIntensity.jpg Graphic file (type jpg)

<use "//ece-azare-nas1.ad.ufl.edu/ece-azare-nas/Profile/cmccurley/Desktop/Image
Processing/HW02/Report/Images/"flowersIntensity.jpg>
Package pdftex.def Info: "//ece-azare-nas1.ad.ufl.edu/ece-azare-nas/Profile/cmc
curley/Desktop/ImageProcessing/HW02/Report/Images/"flowersIntensity.jpg used on
 input line 130.
(pdftex.def)             Requested size: 99.58464pt x 74.68373pt.
File: "//ece-azare-nas1.ad.ufl.edu/ece-azare-nas/Profile/cmccurley/Desktop/Imag
eProcessing/HW02/Report/Images/"flowersNormHist.jpg Graphic file (type jpg)

<use "//ece-azare-nas1.ad.ufl.edu/ece-azare-nas/Profile/cmccurley/Desktop/Image
Processing/HW02/Report/Images/"flowersNormHist.jpg>
Package pdftex.def Info: "//ece-azare-nas1.ad.ufl.edu/ece-azare-nas/Profile/cmc
curley/Desktop/ImageProcessing/HW02/Report/Images/"flowersNormHist.jpg used on 
input line 133.
(pdftex.def)             Requested size: 99.58464pt x 74.68373pt.

<"//ece-azare-nas1.ad.ufl.edu/ece-azare-nas/Profile/cmccurley/Desktop/ImageProc
essing/HW02/Report/Images/"flowersEqTrans.jpg, id=52, 562.1pt x 421.575pt>
File: "//ece-azare-nas1.ad.ufl.edu/ece-azare-nas/Profile/cmccurley/Desktop/Imag
eProcessing/HW02/Report/Images/"flowersEqTrans.jpg Graphic file (type jpg)

<use "//ece-azare-nas1.ad.ufl.edu/ece-azare-nas/Profile/cmccurley/Desktop/Image
Processing/HW02/Report/Images/"flowersEqTrans.jpg>
Package pdftex.def Info: "//ece-azare-nas1.ad.ufl.edu/ece-azare-nas/Profile/cmc
curley/Desktop/ImageProcessing/HW02/Report/Images/"flowersEqTrans.jpg used on i
nput line 136.
(pdftex.def)             Requested size: 99.58464pt x 74.68373pt.

<"//ece-azare-nas1.ad.ufl.edu/ece-azare-nas/Profile/cmccurley/Desktop/ImageProc
essing/HW02/Report/Images/"flowersIntensityEq.jpg, id=53, 562.1pt x 421.575pt>
File: "//ece-azare-nas1.ad.ufl.edu/ece-azare-nas/Profile/cmccurley/Desktop/Imag
eProcessing/HW02/Report/Images/"flowersIntensityEq.jpg Graphic file (type jpg)

<use "//ece-azare-nas1.ad.ufl.edu/ece-azare-nas/Profile/cmccurley/Desktop/Image
Processing/HW02/Report/Images/"flowersIntensityEq.jpg>
Package pdftex.def Info: "//ece-azare-nas1.ad.ufl.edu/ece-azare-nas/Profile/cmc
curley/Desktop/ImageProcessing/HW02/Report/Images/"flowersIntensityEq.jpg used 
on input line 139.
(pdftex.def)             Requested size: 99.58464pt x 74.68373pt.

<"//ece-azare-nas1.ad.ufl.edu/ece-azare-nas/Profile/cmccurley/Desktop/ImageProc
essing/HW02/Report/Images/"flowersNormHistEq.jpg, id=54, 562.1pt x 421.575pt>
File: "//ece-azare-nas1.ad.ufl.edu/ece-azare-nas/Profile/cmccurley/Desktop/Imag
eProcessing/HW02/Report/Images/"flowersNormHistEq.jpg Graphic file (type jpg)

<use "//ece-azare-nas1.ad.ufl.edu/ece-azare-nas/Profile/cmccurley/Desktop/Image
Processing/HW02/Report/Images/"flowersNormHistEq.jpg>
Package pdftex.def Info: "//ece-azare-nas1.ad.ufl.edu/ece-azare-nas/Profile/cmc
curley/Desktop/ImageProcessing/HW02/Report/Images/"flowersNormHistEq.jpg used o
n input line 142.
(pdftex.def)             Requested size: 99.58464pt x 74.68373pt.
File: "//ece-azare-nas1.ad.ufl.edu/ece-azare-nas/Profile/cmccurley/Desktop/Imag
eProcessing/HW02/Report/Images/"swanIntensity.jpg Graphic file (type jpg)

<use "//ece-azare-nas1.ad.ufl.edu/ece-azare-nas/Profile/cmccurley/Desktop/Image
Processing/HW02/Report/Images/"swanIntensity.jpg>
Package pdftex.def Info: "//ece-azare-nas1.ad.ufl.edu/ece-azare-nas/Profile/cmc
curley/Desktop/ImageProcessing/HW02/Report/Images/"swanIntensity.jpg used on in
put line 146.
(pdftex.def)             Requested size: 99.58464pt x 74.68373pt.
File: "//ece-azare-nas1.ad.ufl.edu/ece-azare-nas/Profile/cmccurley/Desktop/Imag
eProcessing/HW02/Report/Images/"swanNormHist.jpg Graphic file (type jpg)

<use "//ece-azare-nas1.ad.ufl.edu/ece-azare-nas/Profile/cmccurley/Desktop/Image
Processing/HW02/Report/Images/"swanNormHist.jpg>
Package pdftex.def Info: "//ece-azare-nas1.ad.ufl.edu/ece-azare-nas/Profile/cmc
curley/Desktop/ImageProcessing/HW02/Report/Images/"swanNormHist.jpg used on inp
ut line 149.
(pdftex.def)             Requested size: 99.58464pt x 74.68373pt.

<"//ece-azare-nas1.ad.ufl.edu/ece-azare-nas/Profile/cmccurley/Desktop/ImageProc
essing/HW02/Report/Images/"swanEqTrans.jpg, id=55, 562.1pt x 421.575pt>
File: "//ece-azare-nas1.ad.ufl.edu/ece-azare-nas/Profile/cmccurley/Desktop/Imag
eProcessing/HW02/Report/Images/"swanEqTrans.jpg Graphic file (type jpg)

<use "//ece-azare-nas1.ad.ufl.edu/ece-azare-nas/Profile/cmccurley/Desktop/Image
Processing/HW02/Report/Images/"swanEqTrans.jpg>
Package pdftex.def Info: "//ece-azare-nas1.ad.ufl.edu/ece-azare-nas/Profile/cmc
curley/Desktop/ImageProcessing/HW02/Report/Images/"swanEqTrans.jpg used on inpu
t line 152.
(pdftex.def)             Requested size: 99.58464pt x 74.68373pt.

<"//ece-azare-nas1.ad.ufl.edu/ece-azare-nas/Profile/cmccurley/Desktop/ImageProc
essing/HW02/Report/Images/"swanIntensityEq.jpg, id=56, 562.1pt x 421.575pt>
File: "//ece-azare-nas1.ad.ufl.edu/ece-azare-nas/Profile/cmccurley/Desktop/Imag
eProcessing/HW02/Report/Images/"swanIntensityEq.jpg Graphic file (type jpg)

<use "//ece-azare-nas1.ad.ufl.edu/ece-azare-nas/Profile/cmccurley/Desktop/Image
Processing/HW02/Report/Images/"swanIntensityEq.jpg>
Package pdftex.def Info: "//ece-azare-nas1.ad.ufl.edu/ece-azare-nas/Profile/cmc
curley/Desktop/ImageProcessing/HW02/Report/Images/"swanIntensityEq.jpg used on 
input line 155.
(pdftex.def)             Requested size: 99.58464pt x 74.68373pt.

<"//ece-azare-nas1.ad.ufl.edu/ece-azare-nas/Profile/cmccurley/Desktop/ImageProc
essing/HW02/Report/Images/"swanNormHistEq.jpg, id=57, 562.1pt x 421.575pt>
File: "//ece-azare-nas1.ad.ufl.edu/ece-azare-nas/Profile/cmccurley/Desktop/Imag
eProcessing/HW02/Report/Images/"swanNormHistEq.jpg Graphic file (type jpg)

<use "//ece-azare-nas1.ad.ufl.edu/ece-azare-nas/Profile/cmccurley/Desktop/Image
Processing/HW02/Report/Images/"swanNormHistEq.jpg>
Package pdftex.def Info: "//ece-azare-nas1.ad.ufl.edu/ece-azare-nas/Profile/cmc
curley/Desktop/ImageProcessing/HW02/Report/Images/"swanNormHistEq.jpg used on i
nput line 158.
(pdftex.def)             Requested size: 99.58464pt x 74.68373pt.
File: "//ece-azare-nas1.ad.ufl.edu/ece-azare-nas/Profile/cmccurley/Desktop/Imag
eProcessing/HW02/Report/Images/"toolsIntensity.jpg Graphic file (type jpg)

<use "//ece-azare-nas1.ad.ufl.edu/ece-azare-nas/Profile/cmccurley/Desktop/Image
Processing/HW02/Report/Images/"toolsIntensity.jpg>
Package pdftex.def Info: "//ece-azare-nas1.ad.ufl.edu/ece-azare-nas/Profile/cmc
curley/Desktop/ImageProcessing/HW02/Report/Images/"toolsIntensity.jpg used on i
nput line 162.
(pdftex.def)             Requested size: 99.58464pt x 74.68373pt.
File: "//ece-azare-nas1.ad.ufl.edu/ece-azare-nas/Profile/cmccurley/Desktop/Imag
eProcessing/HW02/Report/Images/"toolsNormHist.jpg Graphic file (type jpg)

<use "//ece-azare-nas1.ad.ufl.edu/ece-azare-nas/Profile/cmccurley/Desktop/Image
Processing/HW02/Report/Images/"toolsNormHist.jpg>
Package pdftex.def Info: "//ece-azare-nas1.ad.ufl.edu/ece-azare-nas/Profile/cmc
curley/Desktop/ImageProcessing/HW02/Report/Images/"toolsNormHist.jpg used on in
put line 165.
(pdftex.def)             Requested size: 99.58464pt x 74.68373pt.

<"//ece-azare-nas1.ad.ufl.edu/ece-azare-nas/Profile/cmccurley/Desktop/ImageProc
essing/HW02/Report/Images/"toolsEqTrans.jpg, id=58, 562.1pt x 421.575pt>
File: "//ece-azare-nas1.ad.ufl.edu/ece-azare-nas/Profile/cmccurley/Desktop/Imag
eProcessing/HW02/Report/Images/"toolsEqTrans.jpg Graphic file (type jpg)

<use "//ece-azare-nas1.ad.ufl.edu/ece-azare-nas/Profile/cmccurley/Desktop/Image
Processing/HW02/Report/Images/"toolsEqTrans.jpg>
Package pdftex.def Info: "//ece-azare-nas1.ad.ufl.edu/ece-azare-nas/Profile/cmc
curley/Desktop/ImageProcessing/HW02/Report/Images/"toolsEqTrans.jpg used on inp
ut line 168.
(pdftex.def)             Requested size: 99.58464pt x 74.68373pt.

<"//ece-azare-nas1.ad.ufl.edu/ece-azare-nas/Profile/cmccurley/Desktop/ImageProc
essing/HW02/Report/Images/"toolsIntensityEq.jpg, id=59, 562.1pt x 421.575pt>
File: "//ece-azare-nas1.ad.ufl.edu/ece-azare-nas/Profile/cmccurley/Desktop/Imag
eProcessing/HW02/Report/Images/"toolsIntensityEq.jpg Graphic file (type jpg)

<use "//ece-azare-nas1.ad.ufl.edu/ece-azare-nas/Profile/cmccurley/Desktop/Image
Processing/HW02/Report/Images/"toolsIntensityEq.jpg>
Package pdftex.def Info: "//ece-azare-nas1.ad.ufl.edu/ece-azare-nas/Profile/cmc
curley/Desktop/ImageProcessing/HW02/Report/Images/"toolsIntensityEq.jpg used on
 input line 171.
(pdftex.def)             Requested size: 99.58464pt x 74.68373pt.

<"//ece-azare-nas1.ad.ufl.edu/ece-azare-nas/Profile/cmccurley/Desktop/ImageProc
essing/HW02/Report/Images/"toolsNormHistEq.jpg, id=60, 562.1pt x 421.575pt>
File: "//ece-azare-nas1.ad.ufl.edu/ece-azare-nas/Profile/cmccurley/Desktop/Imag
eProcessing/HW02/Report/Images/"toolsNormHistEq.jpg Graphic file (type jpg)

<use "//ece-azare-nas1.ad.ufl.edu/ece-azare-nas/Profile/cmccurley/Desktop/Image
Processing/HW02/Report/Images/"toolsNormHistEq.jpg>
Package pdftex.def Info: "//ece-azare-nas1.ad.ufl.edu/ece-azare-nas/Profile/cmc
curley/Desktop/ImageProcessing/HW02/Report/Images/"toolsNormHistEq.jpg used on 
input line 174.
(pdftex.def)             Requested size: 99.58464pt x 74.68373pt.

Overfull \hbox (61.50146pt too wide) in paragraph at lines 130--175
 [][][][][][][][][][] 
 []


Overfull \hbox (61.50146pt too wide) in paragraph at lines 130--175
 [][][][][][][][][][] 
 []


Overfull \hbox (61.50146pt too wide) in paragraph at lines 130--175
 [][][][][][][][][][] 
 []

[4 <//ece-azare-nas1.ad.ufl.edu/ece-azare-nas/Profile/cmccurley/Desktop/ImagePr
ocessing/HW02/Report/Images/flowersEqTrans.jpg> <//ece-azare-nas1.ad.ufl.edu/ec
e-azare-nas/Profile/cmccurley/Desktop/ImageProcessing/HW02/Report/Images/flower
sIntensityEq.jpg> <//ece-azare-nas1.ad.ufl.edu/ece-azare-nas/Profile/cmccurley/
Desktop/ImageProcessing/HW02/Report/Images/flowersNormHistEq.jpg> <//ece-azare-
nas1.ad.ufl.edu/ece-azare-nas/Profile/cmccurley/Desktop/ImageProcessing/HW02/Re
port/Images/swanEqTrans.jpg> <//ece-azare-nas1.ad.ufl.edu/ece-azare-nas/Profile
/cmccurley/Desktop/ImageProcessing/HW02/Report/Images/swanIntensityEq.jpg> <//e
ce-azare-nas1.ad.ufl.edu/ece-azare-nas/Profile/cmccurley/Desktop/ImageProcessin
g/HW02/Report/Images/swanNormHistEq.jpg> <//ece-azare-nas1.ad.ufl.edu/ece-azare
-nas/Profile/cmccurley/Desktop/ImageProcessing/HW02/Report/Images/toolsEqTrans.
jpg> <//ece-azare-nas1.ad.ufl.edu/ece-azare-nas/Profile/cmccurley/Desktop/Image
Processing/HW02/Report/Images/toolsIntensityEq.jpg> <//ece-azare-nas1.ad.ufl.ed
u/ece-azare-nas/Profile/cmccurley/Desktop/ImageProcessing/HW02/Report/Images/to
olsNormHistEq.jpg>]
File: "//ece-azare-nas1.ad.ufl.edu/ece-azare-nas/Profile/cmccurley/Desktop/Imag
eProcessing/HW02/Report/Images/"flowersIntensity.jpg Graphic file (type jpg)

<use "//ece-azare-nas1.ad.ufl.edu/ece-azare-nas/Profile/cmccurley/Desktop/Image
Processing/HW02/Report/Images/"flowersIntensity.jpg>
Package pdftex.def Info: "//ece-azare-nas1.ad.ufl.edu/ece-azare-nas/Profile/cmc
curley/Desktop/ImageProcessing/HW02/Report/Images/"flowersIntensity.jpg used on
 input line 188.
(pdftex.def)             Requested size: 113.81102pt x 85.35559pt.

<"//ece-azare-nas1.ad.ufl.edu/ece-azare-nas/Profile/cmccurley/Desktop/ImageProc
essing/HW02/Report/Images/"flowersQuant128.jpg, id=83, 562.1pt x 421.575pt>
File: "//ece-azare-nas1.ad.ufl.edu/ece-azare-nas/Profile/cmccurley/Desktop/Imag
eProcessing/HW02/Report/Images/"flowersQuant128.jpg Graphic file (type jpg)

<use "//ece-azare-nas1.ad.ufl.edu/ece-azare-nas/Profile/cmccurley/Desktop/Image
Processing/HW02/Report/Images/"flowersQuant128.jpg>
Package pdftex.def Info: "//ece-azare-nas1.ad.ufl.edu/ece-azare-nas/Profile/cmc
curley/Desktop/ImageProcessing/HW02/Report/Images/"flowersQuant128.jpg used on 
input line 191.
(pdftex.def)             Requested size: 113.81102pt x 85.35559pt.

<"//ece-azare-nas1.ad.ufl.edu/ece-azare-nas/Profile/cmccurley/Desktop/ImageProc
essing/HW02/Report/Images/"flowersQuant32.jpg, id=84, 562.1pt x 421.575pt>
File: "//ece-azare-nas1.ad.ufl.edu/ece-azare-nas/Profile/cmccurley/Desktop/Imag
eProcessing/HW02/Report/Images/"flowersQuant32.jpg Graphic file (type jpg)

<use "//ece-azare-nas1.ad.ufl.edu/ece-azare-nas/Profile/cmccurley/Desktop/Image
Processing/HW02/Report/Images/"flowersQuant32.jpg>
Package pdftex.def Info: "//ece-azare-nas1.ad.ufl.edu/ece-azare-nas/Profile/cmc
curley/Desktop/ImageProcessing/HW02/Report/Images/"flowersQuant32.jpg used on i
nput line 194.
(pdftex.def)             Requested size: 113.81102pt x 85.35559pt.

<"//ece-azare-nas1.ad.ufl.edu/ece-azare-nas/Profile/cmccurley/Desktop/ImageProc
essing/HW02/Report/Images/"flowersQuant8.jpg, id=85, 562.1pt x 421.575pt>
File: "//ece-azare-nas1.ad.ufl.edu/ece-azare-nas/Profile/cmccurley/Desktop/Imag
eProcessing/HW02/Report/Images/"flowersQuant8.jpg Graphic file (type jpg)

<use "//ece-azare-nas1.ad.ufl.edu/ece-azare-nas/Profile/cmccurley/Desktop/Image
Processing/HW02/Report/Images/"flowersQuant8.jpg>
Package pdftex.def Info: "//ece-azare-nas1.ad.ufl.edu/ece-azare-nas/Profile/cmc
curley/Desktop/ImageProcessing/HW02/Report/Images/"flowersQuant8.jpg used on in
put line 197.
(pdftex.def)             Requested size: 113.81102pt x 85.35559pt.
File: "//ece-azare-nas1.ad.ufl.edu/ece-azare-nas/Profile/cmccurley/Desktop/Imag
eProcessing/HW02/Report/Images/"swanIntensity.jpg Graphic file (type jpg)

<use "//ece-azare-nas1.ad.ufl.edu/ece-azare-nas/Profile/cmccurley/Desktop/Image
Processing/HW02/Report/Images/"swanIntensity.jpg>
Package pdftex.def Info: "//ece-azare-nas1.ad.ufl.edu/ece-azare-nas/Profile/cmc
curley/Desktop/ImageProcessing/HW02/Report/Images/"swanIntensity.jpg used on in
put line 201.
(pdftex.def)             Requested size: 113.81102pt x 85.35559pt.

<"//ece-azare-nas1.ad.ufl.edu/ece-azare-nas/Profile/cmccurley/Desktop/ImageProc
essing/HW02/Report/Images/"swanQuant128.jpg, id=86, 562.1pt x 421.575pt>
File: "//ece-azare-nas1.ad.ufl.edu/ece-azare-nas/Profile/cmccurley/Desktop/Imag
eProcessing/HW02/Report/Images/"swanQuant128.jpg Graphic file (type jpg)

<use "//ece-azare-nas1.ad.ufl.edu/ece-azare-nas/Profile/cmccurley/Desktop/Image
Processing/HW02/Report/Images/"swanQuant128.jpg>
Package pdftex.def Info: "//ece-azare-nas1.ad.ufl.edu/ece-azare-nas/Profile/cmc
curley/Desktop/ImageProcessing/HW02/Report/Images/"swanQuant128.jpg used on inp
ut line 204.
(pdftex.def)             Requested size: 113.81102pt x 85.35559pt.

<"//ece-azare-nas1.ad.ufl.edu/ece-azare-nas/Profile/cmccurley/Desktop/ImageProc
essing/HW02/Report/Images/"swanQuant32.jpg, id=87, 562.1pt x 421.575pt>
File: "//ece-azare-nas1.ad.ufl.edu/ece-azare-nas/Profile/cmccurley/Desktop/Imag
eProcessing/HW02/Report/Images/"swanQuant32.jpg Graphic file (type jpg)

<use "//ece-azare-nas1.ad.ufl.edu/ece-azare-nas/Profile/cmccurley/Desktop/Image
Processing/HW02/Report/Images/"swanQuant32.jpg>
Package pdftex.def Info: "//ece-azare-nas1.ad.ufl.edu/ece-azare-nas/Profile/cmc
curley/Desktop/ImageProcessing/HW02/Report/Images/"swanQuant32.jpg used on inpu
t line 207.
(pdftex.def)             Requested size: 113.81102pt x 85.35559pt.

<"//ece-azare-nas1.ad.ufl.edu/ece-azare-nas/Profile/cmccurley/Desktop/ImageProc
essing/HW02/Report/Images/"swanQuant8.jpg, id=88, 562.1pt x 421.575pt>
File: "//ece-azare-nas1.ad.ufl.edu/ece-azare-nas/Profile/cmccurley/Desktop/Imag
eProcessing/HW02/Report/Images/"swanQuant8.jpg Graphic file (type jpg)

<use "//ece-azare-nas1.ad.ufl.edu/ece-azare-nas/Profile/cmccurley/Desktop/Image
Processing/HW02/Report/Images/"swanQuant8.jpg>
Package pdftex.def Info: "//ece-azare-nas1.ad.ufl.edu/ece-azare-nas/Profile/cmc
curley/Desktop/ImageProcessing/HW02/Report/Images/"swanQuant8.jpg used on input
 line 210.
(pdftex.def)             Requested size: 113.81102pt x 85.35559pt.
File: "//ece-azare-nas1.ad.ufl.edu/ece-azare-nas/Profile/cmccurley/Desktop/Imag
eProcessing/HW02/Report/Images/"toolsIntensity.jpg Graphic file (type jpg)

<use "//ece-azare-nas1.ad.ufl.edu/ece-azare-nas/Profile/cmccurley/Desktop/Image
Processing/HW02/Report/Images/"toolsIntensity.jpg>
Package pdftex.def Info: "//ece-azare-nas1.ad.ufl.edu/ece-azare-nas/Profile/cmc
curley/Desktop/ImageProcessing/HW02/Report/Images/"toolsIntensity.jpg used on i
nput line 214.
(pdftex.def)             Requested size: 113.81102pt x 85.35559pt.

<"//ece-azare-nas1.ad.ufl.edu/ece-azare-nas/Profile/cmccurley/Desktop/ImageProc
essing/HW02/Report/Images/"toolsQuant128.jpg, id=89, 562.1pt x 421.575pt>
File: "//ece-azare-nas1.ad.ufl.edu/ece-azare-nas/Profile/cmccurley/Desktop/Imag
eProcessing/HW02/Report/Images/"toolsQuant128.jpg Graphic file (type jpg)

<use "//ece-azare-nas1.ad.ufl.edu/ece-azare-nas/Profile/cmccurley/Desktop/Image
Processing/HW02/Report/Images/"toolsQuant128.jpg>
Package pdftex.def Info: "//ece-azare-nas1.ad.ufl.edu/ece-azare-nas/Profile/cmc
curley/Desktop/ImageProcessing/HW02/Report/Images/"toolsQuant128.jpg used on in
put line 217.
(pdftex.def)             Requested size: 113.81102pt x 85.35559pt.

<"//ece-azare-nas1.ad.ufl.edu/ece-azare-nas/Profile/cmccurley/Desktop/ImageProc
essing/HW02/Report/Images/"toolsQuant32.jpg, id=90, 562.1pt x 421.575pt>
File: "//ece-azare-nas1.ad.ufl.edu/ece-azare-nas/Profile/cmccurley/Desktop/Imag
eProcessing/HW02/Report/Images/"toolsQuant32.jpg Graphic file (type jpg)

<use "//ece-azare-nas1.ad.ufl.edu/ece-azare-nas/Profile/cmccurley/Desktop/Image
Processing/HW02/Report/Images/"toolsQuant32.jpg>
Package pdftex.def Info: "//ece-azare-nas1.ad.ufl.edu/ece-azare-nas/Profile/cmc
curley/Desktop/ImageProcessing/HW02/Report/Images/"toolsQuant32.jpg used on inp
ut line 220.
(pdftex.def)             Requested size: 113.81102pt x 85.35559pt.

<"//ece-azare-nas1.ad.ufl.edu/ece-azare-nas/Profile/cmccurley/Desktop/ImageProc
essing/HW02/Report/Images/"toolsQuant8.jpg, id=91, 562.1pt x 421.575pt>
File: "//ece-azare-nas1.ad.ufl.edu/ece-azare-nas/Profile/cmccurley/Desktop/Imag
eProcessing/HW02/Report/Images/"toolsQuant8.jpg Graphic file (type jpg)

<use "//ece-azare-nas1.ad.ufl.edu/ece-azare-nas/Profile/cmccurley/Desktop/Image
Processing/HW02/Report/Images/"toolsQuant8.jpg>
Package pdftex.def Info: "//ece-azare-nas1.ad.ufl.edu/ece-azare-nas/Profile/cmc
curley/Desktop/ImageProcessing/HW02/Report/Images/"toolsQuant8.jpg used on inpu
t line 223.
(pdftex.def)             Requested size: 113.81102pt x 85.35559pt.

Overfull \hbox (12.15569pt too wide) in paragraph at lines 188--224
 [][][][][][][][] 
 []


Overfull \hbox (12.15569pt too wide) in paragraph at lines 188--224
 [][][][][][][][] 
 []


Overfull \hbox (12.15569pt too wide) in paragraph at lines 188--224
 [][][][][][][][] 
 []

Package hyperref Info: bookmark level for unknown algorithm defaults to 0 on in
put line 231.

Underfull \hbox (badness 10000) in paragraph at lines 247--252

 []

Package atveryend Info: Empty hook `BeforeClearDocument' on input line 257.
[5 <//ece-azare-nas1.ad.ufl.edu/ece-azare-nas/Profile/cmccurley/Desktop/ImagePr
ocessing/HW02/Report/Images/flowersQuant128.jpg> <//ece-azare-nas1.ad.ufl.edu/e
ce-azare-nas/Profile/cmccurley/Desktop/ImageProcessing/HW02/Report/Images/flowe
rsQuant32.jpg> <//ece-azare-nas1.ad.ufl.edu/ece-azare-nas/Profile/cmccurley/Des
ktop/ImageProcessing/HW02/Report/Images/flowersQuant8.jpg> <//ece-azare-nas1.ad
.ufl.edu/ece-azare-nas/Profile/cmccurley/Desktop/ImageProcessing/HW02/Report/Im
ages/swanQuant128.jpg> <//ece-azare-nas1.ad.ufl.edu/ece-azare-nas/Profile/cmccu
rley/Desktop/ImageProcessing/HW02/Report/Images/swanQuant32.jpg> <//ece-azare-n
as1.ad.ufl.edu/ece-azare-nas/Profile/cmccurley/Desktop/ImageProcessing/HW02/Rep
ort/Images/swanQuant8.jpg> <//ece-azare-nas1.ad.ufl.edu/ece-azare-nas/Profile/c
mccurley/Desktop/ImageProcessing/HW02/Report/Images/toolsQuant128.jpg> <//ece-a
zare-nas1.ad.ufl.edu/ece-azare-nas/Profile/cmccurley/Desktop/ImageProcessing/HW
02/Report/Images/toolsQuant32.jpg> <//ece-azare-nas1.ad.ufl.edu/ece-azare-nas/P
rofile/cmccurley/Desktop/ImageProcessing/HW02/Report/Images/toolsQuant8.jpg>]
Package atveryend Info: Empty hook `AfterLastShipout' on input line 257.

(mccurleyHW02.aux)
Package atveryend Info: Executing hook `AtVeryEndDocument' on input line 257.
Package atveryend Info: Executing hook `AtEndAfterFileList' on input line 257.
Package rerunfilecheck Info: File `mccurleyHW02.out' has not changed.
(rerunfilecheck)             Checksum: D41D8CD98F00B204E9800998ECF8427E;0.
Package atveryend Info: Empty hook `AtVeryVeryEnd' on input line 257.
 ) 
Here is how much of TeX's memory you used:
 10530 strings out of 493308
 173141 string characters out of 3127343
 269556 words of memory out of 3000000
 13841 multiletter control sequences out of 15000+200000
 8501 words of font info for 32 fonts, out of 3000000 for 9000
 1141 hyphenation exceptions out of 8191
 44i,10n,49p,556b,428s stack positions out of 5000i,500n,10000p,200000b,50000s
<C:/Users/cmccurley/AppData/Local/Programs/MiKTeX 2.9/fonts/type1/public/amsf
onts/cm/cmbx10.pfb><C:/Users/cmccurley/AppData/Local/Programs/MiKTeX 2.9/fonts/
type1/public/amsfonts/cm/cmbx12.pfb><C:/Users/cmccurley/AppData/Local/Programs/
MiKTeX 2.9/fonts/type1/public/amsfonts/cm/cmcsc10.pfb><C:/Users/cmccurley/AppDa
ta/Local/Programs/MiKTeX 2.9/fonts/type1/public/amsfonts/cm/cmex10.pfb><C:/User
s/cmccurley/AppData/Local/Programs/MiKTeX 2.9/fonts/type1/public/amsfonts/cm/cm
mi10.pfb><C:/Users/cmccurley/AppData/Local/Programs/MiKTeX 2.9/fonts/type1/publ
ic/amsfonts/cm/cmmi5.pfb><C:/Users/cmccurley/AppData/Local/Programs/MiKTeX 2.9/
fonts/type1/public/amsfonts/cm/cmmi7.pfb><C:/Users/cmccurley/AppData/Local/Prog
rams/MiKTeX 2.9/fonts/type1/public/amsfonts/cm/cmr10.pfb><C:/Users/cmccurley/Ap
pData/Local/Programs/MiKTeX 2.9/fonts/type1/public/amsfonts/cm/cmr5.pfb><C:/Use
rs/cmccurley/AppData/Local/Programs/MiKTeX 2.9/fonts/type1/public/amsfonts/cm/c
mr7.pfb><C:/Users/cmccurley/AppData/Local/Programs/MiKTeX 2.9/fonts/type1/publi
c/amsfonts/cm/cmr8.pfb><C:/Users/cmccurley/AppData/Local/Programs/MiKTeX 2.9/fo
nts/type1/public/amsfonts/cm/cmsy10.pfb><C:/Users/cmccurley/AppData/Local/Progr
ams/MiKTeX 2.9/fonts/type1/public/amsfonts/cm/cmsy7.pfb><C:/Users/cmccurley/App
Data/Local/Programs/MiKTeX 2.9/fonts/type1/public/amsfonts/cm/cmti10.pfb>
Output written on mccurleyHW02.pdf (5 pages, 792259 bytes).
PDF statistics:
 173 PDF objects out of 1000 (max. 8388607)
 59 named destinations out of 1000 (max. 500000)
 121 words of extra memory for PDF output out of 10000 (max. 10000000)

